{"numFailedTestSuites":0,"numFailedTests":0,"numPassedTestSuites":1,"numPassedTests":27,"numPendingTestSuites":0,"numPendingTests":0,"numRuntimeErrorTestSuites":0,"numTodoTests":0,"numTotalTestSuites":1,"numTotalTests":27,"openHandles":[],"snapshot":{"added":0,"didUpdate":false,"failure":false,"filesAdded":0,"filesRemoved":0,"filesRemovedList":[],"filesUnmatched":0,"filesUpdated":0,"matched":0,"total":0,"unchecked":0,"uncheckedKeysByFile":[],"unmatched":0,"updated":0},"startTime":1777996273537,"success":true,"testResults":[{"assertionResults":[{"ancestorTitles":["resourceVersionRepository","create"],"duration":3,"failing":false,"failureDetails":[],"failureMessages":[],"fullName":"resourceVersionRepository create creates version doc","invocations":1,"location":null,"numPassingAsserts":1,"retryReasons":[],"startAt":1777996273905,"status":"passed","title":"creates version doc"},{"ancestorTitles":["resourceVersionRepository","create"],"duration":13,"failing":false,"failureDetails":[],"failureMessages":[],"fullName":"resourceVersionRepository create throws when missing _id","invocations":1,"location":null,"numPassingAsserts":1,"retryReasons":[],"startAt":1777996273909,"status":"passed","title":"throws when missing _id"},{"ancestorTitles":["resourceVersionRepository","create"],"duration":1,"failing":false,"failureDetails":[],"failureMessages":[],"fullName":"resourceVersionRepository create throws when missing transactionId","invocations":1,"location":null,"numPassingAsserts":1,"retryReasons":[],"startAt":1777996273923,"status":"passed","title":"throws when missing transactionId"},{"ancestorTitles":["resourceVersionRepository","create"],"duration":1,"failing":false,"failureDetails":[],"failureMessages":[],"fullName":"resourceVersionRepository create throws when missing actionType","invocations":1,"location":null,"numPassingAsserts":1,"retryReasons":[],"startAt":1777996273924,"status":"passed","title":"throws when missing actionType"},{"ancestorTitles":["resourceVersionRepository","insertMany"],"duration":1,"failing":false,"failureDetails":[],"failureMessages":[],"fullName":"resourceVersionRepository insertMany inserts many docs","invocations":1,"location":null,"numPassingAsserts":1,"retryReasons":[],"startAt":1777996273925,"status":"passed","title":"inserts many docs"},{"ancestorTitles":["resourceVersionRepository","insertMany"],"duration":1,"failing":false,"failureDetails":[],"failureMessages":[],"fullName":"resourceVersionRepository insertMany throws for empty array","invocations":1,"location":null,"numPassingAsserts":1,"retryReasons":[],"startAt":1777996273926,"status":"passed","title":"throws for empty array"},{"ancestorTitles":["resourceVersionRepository","insertMany"],"duration":1,"failing":false,"failureDetails":[],"failureMessages":[],"fullName":"resourceVersionRepository insertMany throws for non-array","invocations":1,"location":null,"numPassingAsserts":1,"retryReasons":[],"startAt":1777996273927,"status":"passed","title":"throws for non-array"},{"ancestorTitles":["resourceVersionRepository","insertMany"],"duration":1,"failing":false,"failureDetails":[],"failureMessages":[],"fullName":"resourceVersionRepository insertMany throws when doc missing _id","invocations":1,"location":null,"numPassingAsserts":1,"retryReasons":[],"startAt":1777996273928,"status":"passed","title":"throws when doc missing _id"},{"ancestorTitles":["resourceVersionRepository","findByTransaction"],"duration":1,"failing":false,"failureDetails":[],"failureMessages":[],"fullName":"resourceVersionRepository findByTransaction finds by transactionId","invocations":1,"location":null,"numPassingAsserts":1,"retryReasons":[],"startAt":1777996273929,"status":"passed","title":"finds by transactionId"},{"ancestorTitles":["resourceVersionRepository","findByTransaction"],"duration":1,"failing":false,"failureDetails":[],"failureMessages":[],"fullName":"resourceVersionRepository findByTransaction throws when missing transactionId","invocations":1,"location":null,"numPassingAsserts":1,"retryReasons":[],"startAt":1777996273930,"status":"passed","title":"throws when missing transactionId"},{"ancestorTitles":["resourceVersionRepository","findByCompanyAndPeriod"],"duration":1,"failing":false,"failureDetails":[],"failureMessages":[],"fullName":"resourceVersionRepository findByCompanyAndPeriod finds by company and period","invocations":1,"location":null,"numPassingAsserts":1,"retryReasons":[],"startAt":1777996273931,"status":"passed","title":"finds by company and period"},{"ancestorTitles":["resourceVersionRepository","findByCompanyAndPeriod"],"duration":1,"failing":false,"failureDetails":[],"failureMessages":[],"fullName":"resourceVersionRepository findByCompanyAndPeriod finds by company without period","invocations":1,"location":null,"numPassingAsserts":1,"retryReasons":[],"startAt":1777996273932,"status":"passed","title":"finds by company without period"},{"ancestorTitles":["resourceVersionRepository","findByCompanyAndPeriod"],"duration":0,"failing":false,"failureDetails":[],"failureMessages":[],"fullName":"resourceVersionRepository findByCompanyAndPeriod applies pagination defaults","invocations":1,"location":null,"numPassingAsserts":2,"retryReasons":[],"startAt":1777996273933,"status":"passed","title":"applies pagination defaults"},{"ancestorTitles":["resourceVersionRepository","findByCompanyAndPeriod"],"duration":1,"failing":false,"failureDetails":[],"failureMessages":[],"fullName":"resourceVersionRepository findByCompanyAndPeriod applies custom pagination","invocations":1,"location":null,"numPassingAsserts":2,"retryReasons":[],"startAt":1777996273933,"status":"passed","title":"applies custom pagination"},{"ancestorTitles":["resourceVersionRepository","findByCompanyAndPeriod"],"duration":1,"failing":false,"failureDetails":[],"failureMessages":[],"fullName":"resourceVersionRepository findByCompanyAndPeriod throws when missing company_id","invocations":1,"location":null,"numPassingAsserts":1,"retryReasons":[],"startAt":1777996273934,"status":"passed","title":"throws when missing company_id"},{"ancestorTitles":["resourceVersionRepository","findByResourceId"],"duration":0,"failing":false,"failureDetails":[],"failureMessages":[],"fullName":"resourceVersionRepository findByResourceId finds by resourceId","invocations":1,"location":null,"numPassingAsserts":1,"retryReasons":[],"startAt":1777996273936,"status":"passed","title":"finds by resourceId"},{"ancestorTitles":["resourceVersionRepository","findByResourceId"],"duration":0,"failing":false,"failureDetails":[],"failureMessages":[],"fullName":"resourceVersionRepository findByResourceId finds by resourceId and type","invocations":1,"location":null,"numPassingAsserts":1,"retryReasons":[],"startAt":1777996273937,"status":"passed","title":"finds by resourceId and type"},{"ancestorTitles":["resourceVersionRepository","findByResourceId"],"duration":1,"failing":false,"failureDetails":[],"failureMessages":[],"fullName":"resourceVersionRepository findByResourceId throws when missing resourceId","invocations":1,"location":null,"numPassingAsserts":1,"retryReasons":[],"startAt":1777996273937,"status":"passed","title":"throws when missing resourceId"},{"ancestorTitles":["resourceVersionRepository","deleteSoftByCompanyId"],"duration":1,"failing":false,"failureDetails":[],"failureMessages":[],"fullName":"resourceVersionRepository deleteSoftByCompanyId soft deletes with session","invocations":1,"location":null,"numPassingAsserts":1,"retryReasons":[],"startAt":1777996273938,"status":"passed","title":"soft deletes with session"},{"ancestorTitles":["resourceVersionRepository","deleteSoftByCompanyId"],"duration":0,"failing":false,"failureDetails":[],"failureMessages":[],"fullName":"resourceVersionRepository deleteSoftByCompanyId soft deletes without session","invocations":1,"location":null,"numPassingAsserts":1,"retryReasons":[],"startAt":1777996273939,"status":"passed","title":"soft deletes without session"},{"ancestorTitles":["resourceVersionRepository","deleteHardByCompanyId"],"duration":0,"failing":false,"failureDetails":[],"failureMessages":[],"fullName":"resourceVersionRepository deleteHardByCompanyId hard deletes with session","invocations":1,"location":null,"numPassingAsserts":1,"retryReasons":[],"startAt":1777996273939,"status":"passed","title":"hard deletes with session"},{"ancestorTitles":["resourceVersionRepository","deleteHardByCompanyId"],"duration":1,"failing":false,"failureDetails":[],"failureMessages":[],"fullName":"resourceVersionRepository deleteHardByCompanyId hard deletes without session","invocations":1,"location":null,"numPassingAsserts":1,"retryReasons":[],"startAt":1777996273939,"status":"passed","title":"hard deletes without session"},{"ancestorTitles":["resourceVersionRepository","restoreByCompanyId"],"duration":0,"failing":false,"failureDetails":[],"failureMessages":[],"fullName":"resourceVersionRepository restoreByCompanyId restores with session","invocations":1,"location":null,"numPassingAsserts":1,"retryReasons":[],"startAt":1777996273940,"status":"passed","title":"restores with session"},{"ancestorTitles":["resourceVersionRepository","restoreByCompanyId"],"duration":0,"failing":false,"failureDetails":[],"failureMessages":[],"fullName":"resourceVersionRepository restoreByCompanyId restores without session","invocations":1,"location":null,"numPassingAsserts":1,"retryReasons":[],"startAt":1777996273940,"status":"passed","title":"restores without session"},{"ancestorTitles":["resourceVersionRepository","aliases"],"duration":1,"failing":false,"failureDetails":[],"failureMessages":[],"fullName":"resourceVersionRepository aliases deleteSoftResourceVersionsByCompanyId calls deleteSoftByCompanyId","invocations":1,"location":null,"numPassingAsserts":1,"retryReasons":[],"startAt":1777996273940,"status":"passed","title":"deleteSoftResourceVersionsByCompanyId calls deleteSoftByCompanyId"},{"ancestorTitles":["resourceVersionRepository","aliases"],"duration":0,"failing":false,"failureDetails":[],"failureMessages":[],"fullName":"resourceVersionRepository aliases deleteHardResourceVersionsByCompanyId calls deleteHardByCompanyId","invocations":1,"location":null,"numPassingAsserts":1,"retryReasons":[],"startAt":1777996273941,"status":"passed","title":"deleteHardResourceVersionsByCompanyId calls deleteHardByCompanyId"},{"ancestorTitles":["resourceVersionRepository","aliases"],"duration":0,"failing":false,"failureDetails":[],"failureMessages":[],"fullName":"resourceVersionRepository aliases restoreResourceVersionsByCompanyId calls restoreByCompanyId","invocations":1,"location":null,"numPassingAsserts":1,"retryReasons":[],"startAt":1777996273941,"status":"passed","title":"restoreResourceVersionsByCompanyId calls restoreByCompanyId"}],"endTime":1777996273943,"message":"","name":"D:\\HEPZA\\Project_Hepza\\ServerSide\\dataAccess\\__tests__\\resourceVersionRepository.test.js","startTime":1777996273587,"status":"passed","summary":""}],"wasInterrupted":false}
