{"numFailedTestSuites":1,"numFailedTests":4,"numPassedTestSuites":0,"numPassedTests":32,"numPendingTestSuites":0,"numPendingTests":0,"numRuntimeErrorTestSuites":0,"numTodoTests":0,"numTotalTestSuites":1,"numTotalTests":36,"openHandles":[],"snapshot":{"added":0,"didUpdate":false,"failure":false,"filesAdded":0,"filesRemoved":0,"filesRemovedList":[],"filesUnmatched":0,"filesUpdated":0,"matched":0,"total":0,"unchecked":0,"uncheckedKeysByFile":[],"unmatched":0,"updated":0},"startTime":1777996422344,"success":false,"testResults":[{"assertionResults":[{"ancestorTitles":["summaryRecordRepository","getSummaryRecordAggregate"],"duration":5,"failing":false,"failureDetails":[{"matcherResult":{"actual":"$_id","expected":{"periodKey":"$periodKey","company_id":"$company_id"},"message":"expect(received).toEqual(expected) // deep equality\n\nExpected: {\"company_id\": \"$company_id\", \"periodKey\": \"$periodKey\"}\nReceived: \"$_id\"","name":"toEqual","pass":false}}],"failureMessages":["Error: expect(received).toEqual(expected) // deep equality\n\nExpected: {\"company_id\": \"$company_id\", \"periodKey\": \"$periodKey\"}\nReceived: \"$_id\"\n    at Object.toEqual (D:\\HEPZA\\Project_Hepza\\ServerSide\\dataAccess\\__tests__\\summaryRecordRepository.test.js:48:44)\n    at processTicksAndRejections (node:internal/process/task_queues:95:5)"],"fullName":"summaryRecordRepository getSummaryRecordAggregate builds pipeline with all includes","invocations":1,"location":null,"numPassingAsserts":3,"retryReasons":[],"startAt":1777996423020,"status":"failed","title":"builds pipeline with all includes"},{"ancestorTitles":["summaryRecordRepository","getSummaryRecordAggregate"],"duration":0,"failing":false,"failureDetails":[],"failureMessages":[],"fullName":"summaryRecordRepository getSummaryRecordAggregate builds pipeline with specific include","invocations":1,"location":null,"numPassingAsserts":1,"retryReasons":[],"startAt":1777996423034,"status":"passed","title":"builds pipeline with specific include"},{"ancestorTitles":["summaryRecordRepository","getSummaryRecordAggregate"],"duration":1,"failing":false,"failureDetails":[],"failureMessages":[],"fullName":"summaryRecordRepository getSummaryRecordAggregate builds pipeline with multiple includes","invocations":1,"location":null,"numPassingAsserts":1,"retryReasons":[],"startAt":1777996423034,"status":"passed","title":"builds pipeline with multiple includes"},{"ancestorTitles":["summaryRecordRepository","getSummaryRecordAggregate"],"duration":0,"failing":false,"failureDetails":[],"failureMessages":[],"fullName":"summaryRecordRepository getSummaryRecordAggregate builds pipeline without aggregateByMonth","invocations":1,"location":null,"numPassingAsserts":1,"retryReasons":[],"startAt":1777996423035,"status":"passed","title":"builds pipeline without aggregateByMonth"},{"ancestorTitles":["summaryRecordRepository","getSummaryRecordAggregate"],"duration":1,"failing":false,"failureDetails":[],"failureMessages":[],"fullName":"summaryRecordRepository getSummaryRecordAggregate builds pipeline without company_id","invocations":1,"location":null,"numPassingAsserts":2,"retryReasons":[],"startAt":1777996423035,"status":"passed","title":"builds pipeline without company_id"},{"ancestorTitles":["summaryRecordRepository","getSummaryRecordAggregate"],"duration":1,"failing":false,"failureDetails":[],"failureMessages":[],"fullName":"summaryRecordRepository getSummaryRecordAggregate builds pipeline without company_id and zone_id","invocations":1,"location":null,"numPassingAsserts":2,"retryReasons":[],"startAt":1777996423036,"status":"passed","title":"builds pipeline without company_id and zone_id"},{"ancestorTitles":["summaryRecordRepository","getSummaryRecordAggregate"],"duration":1,"failing":false,"failureDetails":[],"failureMessages":[],"fullName":"summaryRecordRepository getSummaryRecordAggregate builds pipeline with aggregateByMonth and zone only","invocations":1,"location":null,"numPassingAsserts":1,"retryReasons":[],"startAt":1777996423037,"status":"passed","title":"builds pipeline with aggregateByMonth and zone only"},{"ancestorTitles":["summaryRecordRepository","getSummaryRecordAggregate"],"duration":1,"failing":false,"failureDetails":[],"failureMessages":[],"fullName":"summaryRecordRepository getSummaryRecordAggregate builds pipeline with aggregateByMonth and no filters","invocations":1,"location":null,"numPassingAsserts":1,"retryReasons":[],"startAt":1777996423038,"status":"passed","title":"builds pipeline with aggregateByMonth and no filters"},{"ancestorTitles":["summaryRecordRepository","updateSummaryRecord"],"duration":0,"failing":false,"failureDetails":[],"failureMessages":[],"fullName":"summaryRecordRepository updateSummaryRecord creates new record when not exists","invocations":1,"location":null,"numPassingAsserts":1,"retryReasons":[],"startAt":1777996423039,"status":"passed","title":"creates new record when not exists"},{"ancestorTitles":["summaryRecordRepository","updateSummaryRecord"],"duration":1,"failing":false,"failureDetails":[],"failureMessages":[],"fullName":"summaryRecordRepository updateSummaryRecord updates existing record","invocations":1,"location":null,"numPassingAsserts":1,"retryReasons":[],"startAt":1777996423039,"status":"passed","title":"updates existing record"},{"ancestorTitles":["summaryRecordRepository","updateSummaryRecord"],"duration":1,"failing":false,"failureDetails":[],"failureMessages":[],"fullName":"summaryRecordRepository updateSummaryRecord skips update when no numeric/string fields","invocations":1,"location":null,"numPassingAsserts":2,"retryReasons":[],"startAt":1777996423040,"status":"passed","title":"skips update when no numeric/string fields"},{"ancestorTitles":["summaryRecordRepository","claimSummaryRecord"],"duration":1,"failing":false,"failureDetails":[],"failureMessages":[],"fullName":"summaryRecordRepository claimSummaryRecord creates empty summary record","invocations":1,"location":null,"numPassingAsserts":1,"retryReasons":[],"startAt":1777996423041,"status":"passed","title":"creates empty summary record"},{"ancestorTitles":["summaryRecordRepository","checkSummaryExists"],"duration":0,"failing":false,"failureDetails":[],"failureMessages":[],"fullName":"summaryRecordRepository checkSummaryExists returns true when exists","invocations":1,"location":null,"numPassingAsserts":1,"retryReasons":[],"startAt":1777996423042,"status":"passed","title":"returns true when exists"},{"ancestorTitles":["summaryRecordRepository","checkSummaryExists"],"duration":1,"failing":false,"failureDetails":[],"failureMessages":[],"fullName":"summaryRecordRepository checkSummaryExists returns false when not exists","invocations":1,"location":null,"numPassingAsserts":1,"retryReasons":[],"startAt":1777996423042,"status":"passed","title":"returns false when not exists"},{"ancestorTitles":["summaryRecordRepository","getActiveSummaryRecord"],"duration":1,"failing":false,"failureDetails":[],"failureMessages":[],"fullName":"summaryRecordRepository getActiveSummaryRecord returns record with session","invocations":1,"location":null,"numPassingAsserts":1,"retryReasons":[],"startAt":1777996423043,"status":"passed","title":"returns record with session"},{"ancestorTitles":["summaryRecordRepository","getActiveSummaryRecord"],"duration":0,"failing":false,"failureDetails":[],"failureMessages":[],"fullName":"summaryRecordRepository getActiveSummaryRecord returns record without session","invocations":1,"location":null,"numPassingAsserts":1,"retryReasons":[],"startAt":1777996423044,"status":"passed","title":"returns record without session"},{"ancestorTitles":["summaryRecordRepository","claimSummaryVersion"],"duration":1,"failing":false,"failureDetails":[],"failureMessages":[],"fullName":"summaryRecordRepository claimSummaryVersion increments version with session","invocations":1,"location":null,"numPassingAsserts":1,"retryReasons":[],"startAt":1777996423044,"status":"passed","title":"increments version with session"},{"ancestorTitles":["summaryRecordRepository","claimSummaryVersion"],"duration":4,"failing":false,"failureDetails":[{"matcherResult":{"message":"expect(jest.fn()).toHaveBeenCalledWith(...expected)\n\n- Expected\n+ Received\n\n  {\"__v\": 1, \"company_id\": \"C01\", \"isDeleted\": {\"$ne\": true}, \"periodKey\": 202401, \"zone_id\": \"Z01\"},\n  {\"$inc\": {\"__v\": 1}},\n  Object {\n    \"new\": false,\n-   \"session\": undefined,\n+   \"session\": null,\n  },\n\nNumber of calls: 1","pass":false}}],"failureMessages":["Error: expect(jest.fn()).toHaveBeenCalledWith(...expected)\n\n- Expected\n+ Received\n\n  {\"__v\": 1, \"company_id\": \"C01\", \"isDeleted\": {\"$ne\": true}, \"periodKey\": 202401, \"zone_id\": \"Z01\"},\n  {\"$inc\": {\"__v\": 1}},\n  Object {\n    \"new\": false,\n-   \"session\": undefined,\n+   \"session\": null,\n  },\n\nNumber of calls: 1\n    at Object.toHaveBeenCalledWith (D:\\HEPZA\\Project_Hepza\\ServerSide\\dataAccess\\__tests__\\summaryRecordRepository.test.js:176:52)\n    at processTicksAndRejections (node:internal/process/task_queues:95:5)"],"fullName":"summaryRecordRepository claimSummaryVersion increments version without session","invocations":1,"location":null,"numPassingAsserts":0,"retryReasons":[],"startAt":1777996423045,"status":"failed","title":"increments version without session"},{"ancestorTitles":["summaryRecordRepository","createEmptySummaryData"],"duration":0,"failing":false,"failureDetails":[],"failureMessages":[],"fullName":"summaryRecordRepository createEmptySummaryData returns object with all zero fields","invocations":1,"location":null,"numPassingAsserts":5,"retryReasons":[],"startAt":1777996423050,"status":"passed","title":"returns object with all zero fields"},{"ancestorTitles":["summaryRecordRepository","getDistinctCompanyIdsByPeriod"],"duration":1,"failing":false,"failureDetails":[],"failureMessages":[],"fullName":"summaryRecordRepository getDistinctCompanyIdsByPeriod returns distinct company ids","invocations":1,"location":null,"numPassingAsserts":2,"retryReasons":[],"startAt":1777996423050,"status":"passed","title":"returns distinct company ids"},{"ancestorTitles":["summaryRecordRepository","getDistinctCompanyIdsByPeriod"],"duration":0,"failing":false,"failureDetails":[],"failureMessages":[],"fullName":"summaryRecordRepository getDistinctCompanyIdsByPeriod filters by materials category","invocations":1,"location":null,"numPassingAsserts":1,"retryReasons":[],"startAt":1777996423051,"status":"passed","title":"filters by materials category"},{"ancestorTitles":["summaryRecordRepository","getDistinctCompanyIdsByPeriod"],"duration":0,"failing":false,"failureDetails":[],"failureMessages":[],"fullName":"summaryRecordRepository getDistinctCompanyIdsByPeriod filters by chemicals category","invocations":1,"location":null,"numPassingAsserts":1,"retryReasons":[],"startAt":1777996423051,"status":"passed","title":"filters by chemicals category"},{"ancestorTitles":["summaryRecordRepository","getDistinctCompanyIdsByPeriod"],"duration":1,"failing":false,"failureDetails":[],"failureMessages":[],"fullName":"summaryRecordRepository getDistinctCompanyIdsByPeriod filters by electricity category","invocations":1,"location":null,"numPassingAsserts":1,"retryReasons":[],"startAt":1777996423051,"status":"passed","title":"filters by electricity category"},{"ancestorTitles":["summaryRecordRepository","getDistinctCompanyIdsByPeriod"],"duration":0,"failing":false,"failureDetails":[],"failureMessages":[],"fullName":"summaryRecordRepository getDistinctCompanyIdsByPeriod filters by water category","invocations":1,"location":null,"numPassingAsserts":1,"retryReasons":[],"startAt":1777996423052,"status":"passed","title":"filters by water category"},{"ancestorTitles":["summaryRecordRepository","getDistinctCompanyIdsByPeriod"],"duration":0,"failing":false,"failureDetails":[],"failureMessages":[],"fullName":"summaryRecordRepository getDistinctCompanyIdsByPeriod filters by combustion category","invocations":1,"location":null,"numPassingAsserts":1,"retryReasons":[],"startAt":1777996423052,"status":"passed","title":"filters by combustion category"},{"ancestorTitles":["summaryRecordRepository","getDistinctCompanyIdsByPeriod"],"duration":0,"failing":false,"failureDetails":[],"failureMessages":[],"fullName":"summaryRecordRepository getDistinctCompanyIdsByPeriod filters by fuels category","invocations":1,"location":null,"numPassingAsserts":1,"retryReasons":[],"startAt":1777996423052,"status":"passed","title":"filters by fuels category"},{"ancestorTitles":["summaryRecordRepository","getDistinctCompanyIdsByPeriod"],"duration":1,"failing":false,"failureDetails":[],"failureMessages":[],"fullName":"summaryRecordRepository getDistinctCompanyIdsByPeriod filters by waste category","invocations":1,"location":null,"numPassingAsserts":1,"retryReasons":[],"startAt":1777996423052,"status":"passed","title":"filters by waste category"},{"ancestorTitles":["summaryRecordRepository","getDistinctCompanyIdsByPeriod"],"duration":0,"failing":false,"failureDetails":[],"failureMessages":[],"fullName":"summaryRecordRepository getDistinctCompanyIdsByPeriod filters by emissions category","invocations":1,"location":null,"numPassingAsserts":1,"retryReasons":[],"startAt":1777996423053,"status":"passed","title":"filters by emissions category"},{"ancestorTitles":["summaryRecordRepository","getMissingCompanyIdsByPeriod"],"duration":0,"failing":false,"failureDetails":[{}],"failureMessages":["TypeError: Company.find(...).distinct(...).lean is not a function\n    at lean (D:\\HEPZA\\Project_Hepza\\ServerSide\\dataAccess\\summaryRecordRepository.js:362:99)\n    at Object.getMissingCompanyIdsByPeriod (D:\\HEPZA\\Project_Hepza\\ServerSide\\dataAccess\\__tests__\\summaryRecordRepository.test.js:245:34)\n    at Promise.finally.completed (D:\\HEPZA\\Project_Hepza\\ServerSide\\node_modules\\jest-circus\\build\\jestAdapterInit.js:1557:28)\n    at new Promise (<anonymous>)\n    at callAsyncCircusFn (D:\\HEPZA\\Project_Hepza\\ServerSide\\node_modules\\jest-circus\\build\\jestAdapterInit.js:1497:10)\n    at _callCircusTest (D:\\HEPZA\\Project_Hepza\\ServerSide\\node_modules\\jest-circus\\build\\jestAdapterInit.js:1007:40)\n    at processTicksAndRejections (node:internal/process/task_queues:95:5)\n    at _runTest (D:\\HEPZA\\Project_Hepza\\ServerSide\\node_modules\\jest-circus\\build\\jestAdapterInit.js:947:3)\n    at D:\\HEPZA\\Project_Hepza\\ServerSide\\node_modules\\jest-circus\\build\\jestAdapterInit.js:849:7\n    at _runTestsForDescribeBlock (D:\\HEPZA\\Project_Hepza\\ServerSide\\node_modules\\jest-circus\\build\\jestAdapterInit.js:862:11)\n    at _runTestsForDescribeBlock (D:\\HEPZA\\Project_Hepza\\ServerSide\\node_modules\\jest-circus\\build\\jestAdapterInit.js:857:11)\n    at _runTestsForDescribeBlock (D:\\HEPZA\\Project_Hepza\\ServerSide\\node_modules\\jest-circus\\build\\jestAdapterInit.js:857:11)\n    at run (D:\\HEPZA\\Project_Hepza\\ServerSide\\node_modules\\jest-circus\\build\\jestAdapterInit.js:761:3)\n    at runAndTransformResultsToJestFormat (D:\\HEPZA\\Project_Hepza\\ServerSide\\node_modules\\jest-circus\\build\\jestAdapterInit.js:1918:21)\n    at jestAdapter (D:\\HEPZA\\Project_Hepza\\ServerSide\\node_modules\\jest-circus\\build\\runner.js:101:19)\n    at runTestInternal (D:\\HEPZA\\Project_Hepza\\ServerSide\\node_modules\\jest-runner\\build\\index.js:275:16)\n    at runTest (D:\\HEPZA\\Project_Hepza\\ServerSide\\node_modules\\jest-runner\\build\\index.js:343:7)"],"fullName":"summaryRecordRepository getMissingCompanyIdsByPeriod returns missing company ids","invocations":1,"location":null,"numPassingAsserts":0,"retryReasons":[],"startAt":1777996423053,"status":"failed","title":"returns missing company ids"},{"ancestorTitles":["summaryRecordRepository","deleteSoftSummaryRecords"],"duration":0,"failing":false,"failureDetails":[],"failureMessages":[],"fullName":"summaryRecordRepository deleteSoftSummaryRecords soft deletes with session","invocations":1,"location":null,"numPassingAsserts":1,"retryReasons":[],"startAt":1777996423061,"status":"passed","title":"soft deletes with session"},{"ancestorTitles":["summaryRecordRepository","deleteSoftSummaryRecords"],"duration":0,"failing":false,"failureDetails":[],"failureMessages":[],"fullName":"summaryRecordRepository deleteSoftSummaryRecords soft deletes without session","invocations":1,"location":null,"numPassingAsserts":1,"retryReasons":[],"startAt":1777996423061,"status":"passed","title":"soft deletes without session"},{"ancestorTitles":["summaryRecordRepository","deleteHardSummaryRecords"],"duration":1,"failing":false,"failureDetails":[],"failureMessages":[],"fullName":"summaryRecordRepository deleteHardSummaryRecords hard deletes with session","invocations":1,"location":null,"numPassingAsserts":1,"retryReasons":[],"startAt":1777996423061,"status":"passed","title":"hard deletes with session"},{"ancestorTitles":["summaryRecordRepository","deleteHardSummaryRecords"],"duration":0,"failing":false,"failureDetails":[],"failureMessages":[],"fullName":"summaryRecordRepository deleteHardSummaryRecords hard deletes without session","invocations":1,"location":null,"numPassingAsserts":1,"retryReasons":[],"startAt":1777996423062,"status":"passed","title":"hard deletes without session"},{"ancestorTitles":["summaryRecordRepository","restoreSummaryRecords"],"duration":1,"failing":false,"failureDetails":[],"failureMessages":[],"fullName":"summaryRecordRepository restoreSummaryRecords restores with session","invocations":1,"location":null,"numPassingAsserts":1,"retryReasons":[],"startAt":1777996423062,"status":"passed","title":"restores with session"},{"ancestorTitles":["summaryRecordRepository","restoreSummaryRecords"],"duration":0,"failing":false,"failureDetails":[],"failureMessages":[],"fullName":"summaryRecordRepository restoreSummaryRecords restores without session","invocations":1,"location":null,"numPassingAsserts":1,"retryReasons":[],"startAt":1777996423063,"status":"passed","title":"restores without session"},{"ancestorTitles":["summaryRecordRepository","aggregate"],"duration":0,"failing":false,"failureDetails":[{}],"failureMessages":["TypeError: SummaryRecord.aggregate(...).allowDiskUse is not a function\n    at allowDiskUse (D:\\HEPZA\\Project_Hepza\\ServerSide\\dataAccess\\summaryRecordRepository.js:417:52)\n    at Object.aggregate (D:\\HEPZA\\Project_Hepza\\ServerSide\\dataAccess\\__tests__\\summaryRecordRepository.test.js:308:19)\n    at Promise.finally.completed (D:\\HEPZA\\Project_Hepza\\ServerSide\\node_modules\\jest-circus\\build\\jestAdapterInit.js:1557:28)\n    at new Promise (<anonymous>)\n    at callAsyncCircusFn (D:\\HEPZA\\Project_Hepza\\ServerSide\\node_modules\\jest-circus\\build\\jestAdapterInit.js:1497:10)\n    at _callCircusTest (D:\\HEPZA\\Project_Hepza\\ServerSide\\node_modules\\jest-circus\\build\\jestAdapterInit.js:1007:40)\n    at processTicksAndRejections (node:internal/process/task_queues:95:5)\n    at _runTest (D:\\HEPZA\\Project_Hepza\\ServerSide\\node_modules\\jest-circus\\build\\jestAdapterInit.js:947:3)\n    at D:\\HEPZA\\Project_Hepza\\ServerSide\\node_modules\\jest-circus\\build\\jestAdapterInit.js:849:7\n    at _runTestsForDescribeBlock (D:\\HEPZA\\Project_Hepza\\ServerSide\\node_modules\\jest-circus\\build\\jestAdapterInit.js:862:11)\n    at _runTestsForDescribeBlock (D:\\HEPZA\\Project_Hepza\\ServerSide\\node_modules\\jest-circus\\build\\jestAdapterInit.js:857:11)\n    at _runTestsForDescribeBlock (D:\\HEPZA\\Project_Hepza\\ServerSide\\node_modules\\jest-circus\\build\\jestAdapterInit.js:857:11)\n    at run (D:\\HEPZA\\Project_Hepza\\ServerSide\\node_modules\\jest-circus\\build\\jestAdapterInit.js:761:3)\n    at runAndTransformResultsToJestFormat (D:\\HEPZA\\Project_Hepza\\ServerSide\\node_modules\\jest-circus\\build\\jestAdapterInit.js:1918:21)\n    at jestAdapter (D:\\HEPZA\\Project_Hepza\\ServerSide\\node_modules\\jest-circus\\build\\runner.js:101:19)\n    at runTestInternal (D:\\HEPZA\\Project_Hepza\\ServerSide\\node_modules\\jest-runner\\build\\index.js:275:16)\n    at runTest (D:\\HEPZA\\Project_Hepza\\ServerSide\\node_modules\\jest-runner\\build\\index.js:343:7)"],"fullName":"summaryRecordRepository aggregate runs generic pipeline","invocations":1,"location":null,"numPassingAsserts":0,"retryReasons":[],"startAt":1777996423063,"status":"failed","title":"runs generic pipeline"}],"endTime":1777996423095,"message":"  ● summaryRecordRepository › getSummaryRecordAggregate › builds pipeline with all includes\n\n    expect(received).toEqual(expected) // deep equality\n\n    Expected: {\"company_id\": \"$company_id\", \"periodKey\": \"$periodKey\"}\n    Received: \"$_id\"\n\n    \u001b[0m \u001b[90m 46 |\u001b[39m             expect(pipeline[\u001b[35m0\u001b[39m]\u001b[33m.\u001b[39m$match\u001b[33m.\u001b[39mcompany_id)\u001b[33m.\u001b[39mtoBe(\u001b[32m'C01'\u001b[39m)\u001b[33m;\u001b[39m\n     \u001b[90m 47 |\u001b[39m             expect(pipeline[\u001b[35m0\u001b[39m]\u001b[33m.\u001b[39m$match\u001b[33m.\u001b[39mperiodKey)\u001b[33m.\u001b[39mtoEqual({ $gte\u001b[33m:\u001b[39m \u001b[35m202401\u001b[39m\u001b[33m,\u001b[39m $lte\u001b[33m:\u001b[39m \u001b[35m202412\u001b[39m })\u001b[33m;\u001b[39m\n    \u001b[31m\u001b[1m>\u001b[22m\u001b[39m\u001b[90m 48 |\u001b[39m             expect(pipeline[\u001b[35m1\u001b[39m]\u001b[33m.\u001b[39m$group\u001b[33m.\u001b[39m_id)\u001b[33m.\u001b[39mtoEqual({ periodKey\u001b[33m:\u001b[39m \u001b[32m'$periodKey'\u001b[39m\u001b[33m,\u001b[39m company_id\u001b[33m:\u001b[39m \u001b[32m'$company_id'\u001b[39m })\u001b[33m;\u001b[39m\n     \u001b[90m    |\u001b[39m                                            \u001b[31m\u001b[1m^\u001b[22m\u001b[39m\n     \u001b[90m 49 |\u001b[39m         })\u001b[33m;\u001b[39m\n     \u001b[90m 50 |\u001b[39m\n     \u001b[90m 51 |\u001b[39m         test(\u001b[32m'builds pipeline with specific include'\u001b[39m\u001b[33m,\u001b[39m \u001b[36masync\u001b[39m () \u001b[33m=>\u001b[39m {\u001b[0m\n\n      at Object.toEqual (dataAccess/__tests__/summaryRecordRepository.test.js:48:44)\n\n  ● summaryRecordRepository › claimSummaryVersion › increments version without session\n\n    expect(jest.fn()).toHaveBeenCalledWith(...expected)\n\n    - Expected\n    + Received\n\n      {\"__v\": 1, \"company_id\": \"C01\", \"isDeleted\": {\"$ne\": true}, \"periodKey\": 202401, \"zone_id\": \"Z01\"},\n      {\"$inc\": {\"__v\": 1}},\n      Object {\n        \"new\": false,\n    -   \"session\": undefined,\n    +   \"session\": null,\n      },\n\n    Number of calls: 1\n\n    \u001b[0m \u001b[90m 174 |\u001b[39m         test(\u001b[32m'increments version without session'\u001b[39m\u001b[33m,\u001b[39m \u001b[36masync\u001b[39m () \u001b[33m=>\u001b[39m {\n     \u001b[90m 175 |\u001b[39m             \u001b[36mawait\u001b[39m claimSummaryVersion(\u001b[32m'C01'\u001b[39m\u001b[33m,\u001b[39m \u001b[32m'Z01'\u001b[39m\u001b[33m,\u001b[39m \u001b[35m202401\u001b[39m\u001b[33m,\u001b[39m \u001b[35m1\u001b[39m)\u001b[33m;\u001b[39m\n    \u001b[31m\u001b[1m>\u001b[22m\u001b[39m\u001b[90m 176 |\u001b[39m             expect(\u001b[33mSummaryRecord\u001b[39m\u001b[33m.\u001b[39mfindOneAndUpdate)\u001b[33m.\u001b[39mtoHaveBeenCalledWith(\n     \u001b[90m     |\u001b[39m                                                    \u001b[31m\u001b[1m^\u001b[22m\u001b[39m\n     \u001b[90m 177 |\u001b[39m                 expect\u001b[33m.\u001b[39many(\u001b[33mObject\u001b[39m)\u001b[33m,\u001b[39m\n     \u001b[90m 178 |\u001b[39m                 { $inc\u001b[33m:\u001b[39m { __v\u001b[33m:\u001b[39m \u001b[35m1\u001b[39m } }\u001b[33m,\u001b[39m\n     \u001b[90m 179 |\u001b[39m                 { \u001b[36mnew\u001b[39m\u001b[33m:\u001b[39m \u001b[36mfalse\u001b[39m\u001b[33m,\u001b[39m session\u001b[33m:\u001b[39m undefined }\u001b[0m\n\n      at Object.toHaveBeenCalledWith (dataAccess/__tests__/summaryRecordRepository.test.js:176:52)\n\n  ● summaryRecordRepository › getMissingCompanyIdsByPeriod › returns missing company ids\n\n    TypeError: Company.find(...).distinct(...).lean is not a function\n\n    \u001b[0m \u001b[90m 360 |\u001b[39m \u001b[90m//lấy danh sách company_id chưa khai báo trong tháng\u001b[39m\n     \u001b[90m 361 |\u001b[39m \u001b[36mconst\u001b[39m getMissingCompanyIdsByPeriod \u001b[33m=\u001b[39m \u001b[36masync\u001b[39m (periodKey) \u001b[33m=>\u001b[39m {\n    \u001b[31m\u001b[1m>\u001b[22m\u001b[39m\u001b[90m 362 |\u001b[39m     \u001b[36mconst\u001b[39m allCompanyIds \u001b[33m=\u001b[39m \u001b[36mawait\u001b[39m \u001b[33mCompany\u001b[39m\u001b[33m.\u001b[39mfind({ isDeleted\u001b[33m:\u001b[39m { $ne\u001b[33m:\u001b[39m \u001b[36mtrue\u001b[39m } })\u001b[33m.\u001b[39mdistinct(\u001b[32m\"company_id\"\u001b[39m)\u001b[33m.\u001b[39mlean()\u001b[33m;\u001b[39m\n     \u001b[90m     |\u001b[39m                                                                                                   \u001b[31m\u001b[1m^\u001b[22m\u001b[39m\n     \u001b[90m 363 |\u001b[39m     \u001b[36mconst\u001b[39m existingCompanyIds \u001b[33m=\u001b[39m \u001b[36mawait\u001b[39m getDistinctCompanyIdsByPeriod(periodKey)\u001b[33m;\u001b[39m\n     \u001b[90m 364 |\u001b[39m\n     \u001b[90m 365 |\u001b[39m     \u001b[36mconst\u001b[39m missingCompanyIds \u001b[33m=\u001b[39m allCompanyIds\u001b[33m.\u001b[39mfilter(id \u001b[33m=>\u001b[39m \u001b[33m!\u001b[39mexistingCompanyIds\u001b[33m.\u001b[39mincludes(id))\u001b[33m;\u001b[39m\u001b[0m\n\n      at lean (dataAccess/summaryRecordRepository.js:362:99)\n      at Object.getMissingCompanyIdsByPeriod (dataAccess/__tests__/summaryRecordRepository.test.js:245:34)\n\n  ● summaryRecordRepository › aggregate › runs generic pipeline\n\n    TypeError: SummaryRecord.aggregate(...).allowDiskUse is not a function\n\n    \u001b[0m \u001b[90m 415 |\u001b[39m \u001b[90m// Hàm tiện ích (wrapper) để chạy generic aggregate pipeline trên collection SummaryRecord\u001b[39m\n     \u001b[90m 416 |\u001b[39m \u001b[36mconst\u001b[39m aggregate \u001b[33m=\u001b[39m \u001b[36masync\u001b[39m (pipeline) \u001b[33m=>\u001b[39m {\n    \u001b[31m\u001b[1m>\u001b[22m\u001b[39m\u001b[90m 417 |\u001b[39m     \u001b[36mreturn\u001b[39m \u001b[36mawait\u001b[39m \u001b[33mSummaryRecord\u001b[39m\u001b[33m.\u001b[39maggregate(pipeline)\u001b[33m.\u001b[39mallowDiskUse(\u001b[36mtrue\u001b[39m)\u001b[33m;\u001b[39m\n     \u001b[90m     |\u001b[39m                                                    \u001b[31m\u001b[1m^\u001b[22m\u001b[39m\n     \u001b[90m 418 |\u001b[39m }\u001b[33m;\u001b[39m\n     \u001b[90m 419 |\u001b[39m\n     \u001b[90m 420 |\u001b[39m module\u001b[33m.\u001b[39mexports \u001b[33m=\u001b[39m {\u001b[0m\n\n      at allowDiskUse (dataAccess/summaryRecordRepository.js:417:52)\n      at Object.aggregate (dataAccess/__tests__/summaryRecordRepository.test.js:308:19)\n","name":"D:\\HEPZA\\Project_Hepza\\ServerSide\\dataAccess\\__tests__\\summaryRecordRepository.test.js","startTime":1777996422393,"status":"failed","summary":""}],"wasInterrupted":false}
