{"numFailedTestSuites":1,"numFailedTests":1,"numPassedTestSuites":0,"numPassedTests":8,"numPendingTestSuites":0,"numPendingTests":0,"numRuntimeErrorTestSuites":0,"numTodoTests":0,"numTotalTestSuites":1,"numTotalTests":9,"openHandles":[],"snapshot":{"added":0,"didUpdate":false,"failure":false,"filesAdded":0,"filesRemoved":0,"filesRemovedList":[],"filesUnmatched":0,"filesUpdated":0,"matched":0,"total":0,"unchecked":0,"uncheckedKeysByFile":[],"unmatched":0,"updated":0},"startTime":1777996161322,"success":false,"testResults":[{"assertionResults":[{"ancestorTitles":["cloudinaryReferenceTracker"],"duration":2,"failing":false,"failureDetails":[],"failureMessages":[],"fullName":"cloudinaryReferenceTracker countCloudinaryUrlReferences returns 0 for empty url","invocations":1,"location":null,"numPassingAsserts":1,"retryReasons":[],"startAt":1777996161646,"status":"passed","title":"countCloudinaryUrlReferences returns 0 for empty url"},{"ancestorTitles":["cloudinaryReferenceTracker"],"duration":0,"failing":false,"failureDetails":[],"failureMessages":[],"fullName":"cloudinaryReferenceTracker countCloudinaryUrlReferences returns 0 for null url","invocations":1,"location":null,"numPassingAsserts":1,"retryReasons":[],"startAt":1777996161649,"status":"passed","title":"countCloudinaryUrlReferences returns 0 for null url"},{"ancestorTitles":["cloudinaryReferenceTracker"],"duration":2,"failing":false,"failureDetails":[],"failureMessages":[],"fullName":"cloudinaryReferenceTracker countCloudinaryUrlReferences sums all model counts","invocations":1,"location":null,"numPassingAsserts":4,"retryReasons":[],"startAt":1777996161649,"status":"passed","title":"countCloudinaryUrlReferences sums all model counts"},{"ancestorTitles":["cloudinaryReferenceTracker"],"duration":0,"failing":false,"failureDetails":[],"failureMessages":[],"fullName":"cloudinaryReferenceTracker destroyUnusedCloudinaryUrls deletes urls with zero references","invocations":1,"location":null,"numPassingAsserts":2,"retryReasons":[],"startAt":1777996161651,"status":"passed","title":"destroyUnusedCloudinaryUrls deletes urls with zero references"},{"ancestorTitles":["cloudinaryReferenceTracker"],"duration":3,"failing":false,"failureDetails":[{"matcherResult":{"message":"expect(jest.fn()).toHaveBeenCalledWith(...expected)\n\n- Expected\n+ Received\n\n- Array [\n-   \"http://b.jpg\",\n- ]\n+ Array [],\n\nNumber of calls: 1","pass":false}}],"failureMessages":["Error: expect(jest.fn()).toHaveBeenCalledWith(...expected)\n\n- Expected\n+ Received\n\n- Array [\n-   \"http://b.jpg\",\n- ]\n+ Array [],\n\nNumber of calls: 1\n    at Object.toHaveBeenCalledWith (D:\\HEPZA\\Project_Hepza\\ServerSide\\utils\\__tests__\\cloudinaryReferenceTracker.test.js:84:39)\n    at processTicksAndRejections (node:internal/process/task_queues:95:5)"],"fullName":"cloudinaryReferenceTracker destroyUnusedCloudinaryUrls skips referenced urls","invocations":1,"location":null,"numPassingAsserts":0,"retryReasons":[],"startAt":1777996161652,"status":"failed","title":"destroyUnusedCloudinaryUrls skips referenced urls"},{"ancestorTitles":["cloudinaryReferenceTracker"],"duration":1,"failing":false,"failureDetails":[],"failureMessages":[],"fullName":"cloudinaryReferenceTracker destroyUnusedCloudinaryUrls deduplicates urls","invocations":1,"location":null,"numPassingAsserts":2,"retryReasons":[],"startAt":1777996161664,"status":"passed","title":"destroyUnusedCloudinaryUrls deduplicates urls"},{"ancestorTitles":["cloudinaryReferenceTracker"],"duration":1,"failing":false,"failureDetails":[],"failureMessages":[],"fullName":"cloudinaryReferenceTracker destroyUnusedCloudinaryUrls filters falsy values","invocations":1,"location":null,"numPassingAsserts":2,"retryReasons":[],"startAt":1777996161665,"status":"passed","title":"destroyUnusedCloudinaryUrls filters falsy values"},{"ancestorTitles":["cloudinaryReferenceTracker"],"duration":1,"failing":false,"failureDetails":[],"failureMessages":[],"fullName":"cloudinaryReferenceTracker destroyUnusedCloudinaryUrls handles empty array","invocations":1,"location":null,"numPassingAsserts":2,"retryReasons":[],"startAt":1777996161666,"status":"passed","title":"destroyUnusedCloudinaryUrls handles empty array"},{"ancestorTitles":["cloudinaryReferenceTracker"],"duration":0,"failing":false,"failureDetails":[],"failureMessages":[],"fullName":"cloudinaryReferenceTracker destroyUnusedCloudinaryUrls handles no arguments","invocations":1,"location":null,"numPassingAsserts":2,"retryReasons":[],"startAt":1777996161667,"status":"passed","title":"destroyUnusedCloudinaryUrls handles no arguments"}],"endTime":1777996161681,"message":"  ● cloudinaryReferenceTracker › destroyUnusedCloudinaryUrls skips referenced urls\n\n    expect(jest.fn()).toHaveBeenCalledWith(...expected)\n\n    - Expected\n    + Received\n\n    - Array [\n    -   \"http://b.jpg\",\n    - ]\n    + Array [],\n\n    Number of calls: 1\n\n    \u001b[0m \u001b[90m 82 |\u001b[39m         \u001b[33mWasteResource\u001b[39m\u001b[33m.\u001b[39mcountDocuments\u001b[33m.\u001b[39mmockResolvedValue(\u001b[35m1\u001b[39m)\u001b[33m;\u001b[39m\n     \u001b[90m 83 |\u001b[39m         \u001b[36mconst\u001b[39m result \u001b[33m=\u001b[39m \u001b[36mawait\u001b[39m destroyUnusedCloudinaryUrls([\u001b[32m'http://a.jpg'\u001b[39m\u001b[33m,\u001b[39m \u001b[32m'http://b.jpg'\u001b[39m])\u001b[33m;\u001b[39m\n    \u001b[31m\u001b[1m>\u001b[22m\u001b[39m\u001b[90m 84 |\u001b[39m         expect(destroyCloudinaryUrls)\u001b[33m.\u001b[39mtoHaveBeenCalledWith([\u001b[32m'http://b.jpg'\u001b[39m])\u001b[33m;\u001b[39m\n     \u001b[90m    |\u001b[39m                                       \u001b[31m\u001b[1m^\u001b[22m\u001b[39m\n     \u001b[90m 85 |\u001b[39m         expect(result)\u001b[33m.\u001b[39mtoEqual([\u001b[32m'http://b.jpg'\u001b[39m])\u001b[33m;\u001b[39m\n     \u001b[90m 86 |\u001b[39m     })\u001b[33m;\u001b[39m\n     \u001b[90m 87 |\u001b[39m\u001b[0m\n\n      at Object.toHaveBeenCalledWith (utils/__tests__/cloudinaryReferenceTracker.test.js:84:39)\n","name":"D:\\HEPZA\\Project_Hepza\\ServerSide\\utils\\__tests__\\cloudinaryReferenceTracker.test.js","startTime":1777996161369,"status":"failed","summary":""}],"wasInterrupted":false}
