{"numFailedTestSuites":1,"numFailedTests":1,"numPassedTestSuites":0,"numPassedTests":24,"numPendingTestSuites":0,"numPendingTests":0,"numRuntimeErrorTestSuites":0,"numTodoTests":0,"numTotalTestSuites":1,"numTotalTests":25,"openHandles":[],"snapshot":{"added":0,"didUpdate":false,"failure":false,"filesAdded":0,"filesRemoved":0,"filesRemovedList":[],"filesUnmatched":0,"filesUpdated":0,"matched":0,"total":0,"unchecked":0,"uncheckedKeysByFile":[],"unmatched":0,"updated":0},"startTime":1777996003729,"success":false,"testResults":[{"assertionResults":[{"ancestorTitles":["companyModel"],"duration":9,"failing":false,"failureDetails":[],"failureMessages":[],"fullName":"companyModel schema accepts valid company_registration_number 10 digits","invocations":1,"location":null,"numPassingAsserts":1,"retryReasons":[],"startAt":1777996004386,"status":"passed","title":"schema accepts valid company_registration_number 10 digits"},{"ancestorTitles":["companyModel"],"duration":2,"failing":false,"failureDetails":[],"failureMessages":[],"fullName":"companyModel schema accepts valid company_registration_number 13 digits","invocations":1,"location":null,"numPassingAsserts":1,"retryReasons":[],"startAt":1777996004395,"status":"passed","title":"schema accepts valid company_registration_number 13 digits"},{"ancestorTitles":["companyModel"],"duration":2,"failing":false,"failureDetails":[],"failureMessages":[],"fullName":"companyModel schema rejects invalid registration number","invocations":1,"location":null,"numPassingAsserts":1,"retryReasons":[],"startAt":1777996004397,"status":"passed","title":"schema rejects invalid registration number"},{"ancestorTitles":["companyModel"],"duration":1,"failing":false,"failureDetails":[],"failureMessages":[],"fullName":"companyModel schema accepts valid website","invocations":1,"location":null,"numPassingAsserts":1,"retryReasons":[],"startAt":1777996004399,"status":"passed","title":"schema accepts valid website"},{"ancestorTitles":["companyModel"],"duration":2,"failing":false,"failureDetails":[],"failureMessages":[],"fullName":"companyModel schema rejects invalid website","invocations":1,"location":null,"numPassingAsserts":1,"retryReasons":[],"startAt":1777996004400,"status":"passed","title":"schema rejects invalid website"},{"ancestorTitles":["companyModel"],"duration":2,"failing":false,"failureDetails":[],"failureMessages":[],"fullName":"companyModel schema normalizes empty address to undefined","invocations":1,"location":null,"numPassingAsserts":1,"retryReasons":[],"startAt":1777996004402,"status":"passed","title":"schema normalizes empty address to undefined"},{"ancestorTitles":["companyModel"],"duration":1,"failing":false,"failureDetails":[],"failureMessages":[],"fullName":"companyModel schema normalizes null address to undefined","invocations":1,"location":null,"numPassingAsserts":1,"retryReasons":[],"startAt":1777996004404,"status":"passed","title":"schema normalizes null address to undefined"},{"ancestorTitles":["companyModel"],"duration":2,"failing":false,"failureDetails":[],"failureMessages":[],"fullName":"companyModel schema normalizes address with whitespace","invocations":1,"location":null,"numPassingAsserts":1,"retryReasons":[],"startAt":1777996004405,"status":"passed","title":"schema normalizes address with whitespace"},{"ancestorTitles":["companyModel"],"duration":3,"failing":false,"failureDetails":[],"failureMessages":[],"fullName":"companyModel schema rejects founded_year before 1800","invocations":1,"location":null,"numPassingAsserts":1,"retryReasons":[],"startAt":1777996004407,"status":"passed","title":"schema rejects founded_year before 1800"},{"ancestorTitles":["companyModel"],"duration":2,"failing":false,"failureDetails":[],"failureMessages":[],"fullName":"companyModel schema rejects future founded_year","invocations":1,"location":null,"numPassingAsserts":1,"retryReasons":[],"startAt":1777996004410,"status":"passed","title":"schema rejects future founded_year"},{"ancestorTitles":["companyModel"],"duration":1,"failing":false,"failureDetails":[],"failureMessages":[],"fullName":"companyModel schema rejects invalid status enum","invocations":1,"location":null,"numPassingAsserts":1,"retryReasons":[],"startAt":1777996004413,"status":"passed","title":"schema rejects invalid status enum"},{"ancestorTitles":["companyModel"],"duration":3,"failing":false,"failureDetails":[],"failureMessages":[],"fullName":"companyModel schema accepts valid license","invocations":1,"location":null,"numPassingAsserts":1,"retryReasons":[],"startAt":1777996004414,"status":"passed","title":"schema accepts valid license"},{"ancestorTitles":["companyModel"],"duration":2,"failing":false,"failureDetails":[],"failureMessages":[],"fullName":"companyModel schema rejects license expiry before issue date","invocations":1,"location":null,"numPassingAsserts":1,"retryReasons":[],"startAt":1777996004417,"status":"passed","title":"schema rejects license expiry before issue date"},{"ancestorTitles":["companyModel"],"duration":2,"failing":false,"failureDetails":[],"failureMessages":[],"fullName":"companyModel schema rejects negative total_workers","invocations":1,"location":null,"numPassingAsserts":1,"retryReasons":[],"startAt":1777996004419,"status":"passed","title":"schema rejects negative total_workers"},{"ancestorTitles":["companyModel"],"duration":2,"failing":false,"failureDetails":[],"failureMessages":[],"fullName":"companyModel schema rejects invalid revenue_currency","invocations":1,"location":null,"numPassingAsserts":1,"retryReasons":[],"startAt":1777996004421,"status":"passed","title":"schema rejects invalid revenue_currency"},{"ancestorTitles":["companyModel"],"duration":0,"failing":false,"failureDetails":[],"failureMessages":[],"fullName":"companyModel schema has expected paths","invocations":1,"location":null,"numPassingAsserts":3,"retryReasons":[],"startAt":1777996004423,"status":"passed","title":"schema has expected paths"},{"ancestorTitles":["companyModel"],"duration":1,"failing":false,"failureDetails":[],"failureMessages":[],"fullName":"companyModel schema defaults status to active","invocations":1,"location":null,"numPassingAsserts":1,"retryReasons":[],"startAt":1777996004424,"status":"passed","title":"schema defaults status to active"},{"ancestorTitles":["companyModel"],"duration":1,"failing":false,"failureDetails":[],"failureMessages":[],"fullName":"companyModel schema defaults revenue_currency to null enum","invocations":1,"location":null,"numPassingAsserts":1,"retryReasons":[],"startAt":1777996004425,"status":"passed","title":"schema defaults revenue_currency to null enum"},{"ancestorTitles":["companyModel"],"duration":3,"failing":false,"failureDetails":[],"failureMessages":[],"fullName":"companyModel pre-save updates license status to expired","invocations":1,"location":null,"numPassingAsserts":1,"retryReasons":[],"startAt":1777996004426,"status":"passed","title":"pre-save updates license status to expired"},{"ancestorTitles":["companyModel"],"duration":2,"failing":false,"failureDetails":[],"failureMessages":[],"fullName":"companyModel pre-save updates license status to expiring soon","invocations":1,"location":null,"numPassingAsserts":1,"retryReasons":[],"startAt":1777996004430,"status":"passed","title":"pre-save updates license status to expiring soon"},{"ancestorTitles":["companyModel"],"duration":2,"failing":false,"failureDetails":[],"failureMessages":[],"fullName":"companyModel pre-save keeps license status valid when far expiry","invocations":1,"location":null,"numPassingAsserts":1,"retryReasons":[],"startAt":1777996004432,"status":"passed","title":"pre-save keeps license status valid when far expiry"},{"ancestorTitles":["companyModel"],"duration":5,"failing":false,"failureDetails":[{"matcherResult":{"actual":"Hết hạn","expected":"Hiệu lực","message":"expect(received).toBe(expected) // Object.is equality\n\nExpected: \"Hiệu lực\"\nReceived: \"Hết hạn\"","name":"toBe","pass":false}}],"failureMessages":["Error: expect(received).toBe(expected) // Object.is equality\n\nExpected: \"Hiệu lực\"\nReceived: \"Hết hạn\"\n    at Object.toBe (D:\\HEPZA\\Project_Hepza\\ServerSide\\models\\__tests__\\companyModel.test.js:225:36)\n    at processTicksAndRejections (node:internal/process/task_queues:95:5)"],"fullName":"companyModel pre-save does not touch licenses when not modified","invocations":1,"location":null,"numPassingAsserts":0,"retryReasons":[],"startAt":1777996004434,"status":"failed","title":"pre-save does not touch licenses when not modified"},{"ancestorTitles":["companyModel"],"duration":2,"failing":false,"failureDetails":[],"failureMessages":[],"fullName":"companyModel pre-save generates company_id with zone","invocations":1,"location":null,"numPassingAsserts":2,"retryReasons":[],"startAt":1777996004447,"status":"passed","title":"pre-save generates company_id with zone"},{"ancestorTitles":["companyModel"],"duration":5,"failing":false,"failureDetails":[],"failureMessages":[],"fullName":"companyModel pre-save throws when zone not found","invocations":1,"location":null,"numPassingAsserts":1,"retryReasons":[],"startAt":1777996004449,"status":"passed","title":"pre-save throws when zone not found"},{"ancestorTitles":["companyModel"],"duration":1,"failing":false,"failureDetails":[],"failureMessages":[],"fullName":"companyModel pre-save does not regenerate company_id for existing doc","invocations":1,"location":null,"numPassingAsserts":2,"retryReasons":[],"startAt":1777996004454,"status":"passed","title":"pre-save does not regenerate company_id for existing doc"}],"endTime":1777996004470,"message":"  ● companyModel › pre-save does not touch licenses when not modified\n\n    expect(received).toBe(expected) // Object.is equality\n\n    Expected: \"Hiệu lực\"\n    Received: \"Hết hạn\"\n\n    \u001b[0m \u001b[90m 223 |\u001b[39m     doc\u001b[33m.\u001b[39mmarkModified(\u001b[32m'company_name'\u001b[39m)\u001b[33m;\u001b[39m\n     \u001b[90m 224 |\u001b[39m     \u001b[36mawait\u001b[39m runPreSaveHooks(doc)\u001b[33m;\u001b[39m\n    \u001b[31m\u001b[1m>\u001b[22m\u001b[39m\u001b[90m 225 |\u001b[39m     expect(doc\u001b[33m.\u001b[39mlicenses[\u001b[35m0\u001b[39m]\u001b[33m.\u001b[39mstatus)\u001b[33m.\u001b[39mtoBe(\u001b[32m'Hiệu lực'\u001b[39m)\u001b[33m;\u001b[39m\n     \u001b[90m     |\u001b[39m                                    \u001b[31m\u001b[1m^\u001b[22m\u001b[39m\n     \u001b[90m 226 |\u001b[39m   })\u001b[33m;\u001b[39m\n     \u001b[90m 227 |\u001b[39m\n     \u001b[90m 228 |\u001b[39m   test(\u001b[32m'pre-save generates company_id with zone'\u001b[39m\u001b[33m,\u001b[39m \u001b[36masync\u001b[39m () \u001b[33m=>\u001b[39m {\u001b[0m\n\n      at Object.toBe (models/__tests__/companyModel.test.js:225:36)\n","name":"D:\\HEPZA\\Project_Hepza\\ServerSide\\models\\__tests__\\companyModel.test.js","startTime":1777996003777,"status":"failed","summary":""}],"wasInterrupted":false}
