{"numFailedTestSuites":1,"numFailedTests":5,"numPassedTestSuites":0,"numPassedTests":18,"numPendingTestSuites":0,"numPendingTests":0,"numRuntimeErrorTestSuites":0,"numTodoTests":0,"numTotalTestSuites":1,"numTotalTests":23,"openHandles":[],"snapshot":{"added":0,"didUpdate":false,"failure":false,"filesAdded":0,"filesRemoved":0,"filesRemovedList":[],"filesUnmatched":0,"filesUpdated":0,"matched":0,"total":0,"unchecked":0,"uncheckedKeysByFile":[],"unmatched":0,"updated":0},"startTime":1777994917368,"success":false,"testResults":[{"assertionResults":[{"ancestorTitles":["companyModel"],"duration":7,"failing":false,"failureDetails":[],"failureMessages":[],"fullName":"companyModel schema accepts valid company_registration_number 10 digits","invocations":1,"location":null,"numPassingAsserts":1,"retryReasons":[],"startAt":1777994918002,"status":"passed","title":"schema accepts valid company_registration_number 10 digits"},{"ancestorTitles":["companyModel"],"duration":2,"failing":false,"failureDetails":[],"failureMessages":[],"fullName":"companyModel schema accepts valid company_registration_number 13 digits","invocations":1,"location":null,"numPassingAsserts":1,"retryReasons":[],"startAt":1777994918009,"status":"passed","title":"schema accepts valid company_registration_number 13 digits"},{"ancestorTitles":["companyModel"],"duration":2,"failing":false,"failureDetails":[],"failureMessages":[],"fullName":"companyModel schema rejects invalid registration number","invocations":1,"location":null,"numPassingAsserts":1,"retryReasons":[],"startAt":1777994918011,"status":"passed","title":"schema rejects invalid registration number"},{"ancestorTitles":["companyModel"],"duration":1,"failing":false,"failureDetails":[],"failureMessages":[],"fullName":"companyModel schema accepts valid website","invocations":1,"location":null,"numPassingAsserts":1,"retryReasons":[],"startAt":1777994918013,"status":"passed","title":"schema accepts valid website"},{"ancestorTitles":["companyModel"],"duration":1,"failing":false,"failureDetails":[],"failureMessages":[],"fullName":"companyModel schema rejects invalid website","invocations":1,"location":null,"numPassingAsserts":1,"retryReasons":[],"startAt":1777994918014,"status":"passed","title":"schema rejects invalid website"},{"ancestorTitles":["companyModel"],"duration":1,"failing":false,"failureDetails":[],"failureMessages":[],"fullName":"companyModel schema normalizes empty address to undefined","invocations":1,"location":null,"numPassingAsserts":1,"retryReasons":[],"startAt":1777994918015,"status":"passed","title":"schema normalizes empty address to undefined"},{"ancestorTitles":["companyModel"],"duration":1,"failing":false,"failureDetails":[],"failureMessages":[],"fullName":"companyModel schema rejects founded_year before 1800","invocations":1,"location":null,"numPassingAsserts":1,"retryReasons":[],"startAt":1777994918016,"status":"passed","title":"schema rejects founded_year before 1800"},{"ancestorTitles":["companyModel"],"duration":1,"failing":false,"failureDetails":[],"failureMessages":[],"fullName":"companyModel schema rejects invalid status enum","invocations":1,"location":null,"numPassingAsserts":1,"retryReasons":[],"startAt":1777994918018,"status":"passed","title":"schema rejects invalid status enum"},{"ancestorTitles":["companyModel"],"duration":3,"failing":false,"failureDetails":[],"failureMessages":[],"fullName":"companyModel schema accepts valid license","invocations":1,"location":null,"numPassingAsserts":1,"retryReasons":[],"startAt":1777994918019,"status":"passed","title":"schema accepts valid license"},{"ancestorTitles":["companyModel"],"duration":0,"failing":false,"failureDetails":[],"failureMessages":[],"fullName":"companyModel schema has expected paths","invocations":1,"location":null,"numPassingAsserts":3,"retryReasons":[],"startAt":1777994918022,"status":"passed","title":"schema has expected paths"},{"ancestorTitles":["companyModel"],"duration":1,"failing":false,"failureDetails":[],"failureMessages":[],"fullName":"companyModel schema defaults status to active","invocations":1,"location":null,"numPassingAsserts":1,"retryReasons":[],"startAt":1777994918023,"status":"passed","title":"schema defaults status to active"},{"ancestorTitles":["companyModel"],"duration":1,"failing":false,"failureDetails":[],"failureMessages":[],"fullName":"companyModel schema defaults revenue_currency to null enum","invocations":1,"location":null,"numPassingAsserts":1,"retryReasons":[],"startAt":1777994918024,"status":"passed","title":"schema defaults revenue_currency to null enum"},{"ancestorTitles":["companyModel"],"duration":0,"failing":false,"failureDetails":[],"failureMessages":[],"fullName":"companyModel schema rejects negative total_workers","invocations":1,"location":null,"numPassingAsserts":1,"retryReasons":[],"startAt":1777994918025,"status":"passed","title":"schema rejects negative total_workers"},{"ancestorTitles":["companyModel"],"duration":0,"failing":false,"failureDetails":[],"failureMessages":[],"fullName":"companyModel schema rejects future founded_year","invocations":1,"location":null,"numPassingAsserts":1,"retryReasons":[],"startAt":1777994918026,"status":"passed","title":"schema rejects future founded_year"},{"ancestorTitles":["companyModel"],"duration":0,"failing":false,"failureDetails":[],"failureMessages":[],"fullName":"companyModel schema rejects invalid revenue_currency","invocations":1,"location":null,"numPassingAsserts":1,"retryReasons":[],"startAt":1777994918027,"status":"passed","title":"schema rejects invalid revenue_currency"},{"ancestorTitles":["companyModel"],"duration":0,"failing":false,"failureDetails":[],"failureMessages":[],"fullName":"companyModel schema normalizes address with whitespace","invocations":1,"location":null,"numPassingAsserts":1,"retryReasons":[],"startAt":1777994918028,"status":"passed","title":"schema normalizes address with whitespace"},{"ancestorTitles":["companyModel"],"duration":1,"failing":false,"failureDetails":[],"failureMessages":[],"fullName":"companyModel schema normalizes null address to undefined","invocations":1,"location":null,"numPassingAsserts":1,"retryReasons":[],"startAt":1777994918028,"status":"passed","title":"schema normalizes null address to undefined"},{"ancestorTitles":["companyModel"],"duration":3,"failing":false,"failureDetails":[],"failureMessages":[],"fullName":"companyModel schema rejects license expiry before issue date","invocations":1,"location":null,"numPassingAsserts":1,"retryReasons":[],"startAt":1777994918029,"status":"passed","title":"schema rejects license expiry before issue date"},{"ancestorTitles":["companyModel"],"duration":5,"failing":false,"failureDetails":[{}],"failureMessages":["TypeError: IndustrialZone.findOne(...).session is not a function\n    at model.session (D:\\HEPZA\\Project_Hepza\\ServerSide\\models\\companyModel.js:153:94)\n    at callMiddlewareFunction (D:\\HEPZA\\Project_Hepza\\ServerSide\\node_modules\\kareem\\index.js:628:27)\n    at model.next (D:\\HEPZA\\Project_Hepza\\ServerSide\\node_modules\\kareem\\index.js:93:7)\n    at _next (D:\\HEPZA\\Project_Hepza\\ServerSide\\node_modules\\kareem\\index.js:146:10)\n    at D:\\HEPZA\\Project_Hepza\\ServerSide\\node_modules\\kareem\\index.js:653:30\n    at processTicksAndRejections (node:internal/process/task_queues:77:11)"],"fullName":"companyModel pre-save updates license status to expired","invocations":1,"location":null,"numPassingAsserts":0,"retryReasons":[],"startAt":1777994918032,"status":"failed","title":"pre-save updates license status to expired"},{"ancestorTitles":["companyModel"],"duration":2,"failing":false,"failureDetails":[{}],"failureMessages":["TypeError: IndustrialZone.findOne(...).session is not a function\n    at model.session (D:\\HEPZA\\Project_Hepza\\ServerSide\\models\\companyModel.js:153:94)\n    at callMiddlewareFunction (D:\\HEPZA\\Project_Hepza\\ServerSide\\node_modules\\kareem\\index.js:628:27)\n    at model.next (D:\\HEPZA\\Project_Hepza\\ServerSide\\node_modules\\kareem\\index.js:93:7)\n    at _next (D:\\HEPZA\\Project_Hepza\\ServerSide\\node_modules\\kareem\\index.js:146:10)\n    at D:\\HEPZA\\Project_Hepza\\ServerSide\\node_modules\\kareem\\index.js:653:30\n    at processTicksAndRejections (node:internal/process/task_queues:77:11)"],"fullName":"companyModel pre-save updates license status to expiring soon","invocations":1,"location":null,"numPassingAsserts":0,"retryReasons":[],"startAt":1777994918044,"status":"failed","title":"pre-save updates license status to expiring soon"},{"ancestorTitles":["companyModel"],"duration":2,"failing":false,"failureDetails":[{}],"failureMessages":["TypeError: IndustrialZone.findOne(...).session is not a function\n    at model.session (D:\\HEPZA\\Project_Hepza\\ServerSide\\models\\companyModel.js:153:94)\n    at callMiddlewareFunction (D:\\HEPZA\\Project_Hepza\\ServerSide\\node_modules\\kareem\\index.js:628:27)\n    at model.next (D:\\HEPZA\\Project_Hepza\\ServerSide\\node_modules\\kareem\\index.js:93:7)\n    at _next (D:\\HEPZA\\Project_Hepza\\ServerSide\\node_modules\\kareem\\index.js:146:10)\n    at D:\\HEPZA\\Project_Hepza\\ServerSide\\node_modules\\kareem\\index.js:653:30\n    at processTicksAndRejections (node:internal/process/task_queues:77:11)"],"fullName":"companyModel pre-save keeps license status valid when far expiry","invocations":1,"location":null,"numPassingAsserts":0,"retryReasons":[],"startAt":1777994918047,"status":"failed","title":"pre-save keeps license status valid when far expiry"},{"ancestorTitles":["companyModel"],"duration":2,"failing":false,"failureDetails":[{"errors":{"licenses.0.expiry_date":{"properties":{"message":"Ngày hết hạn là bắt buộc","type":"required","path":"expiry_date","value":null},"kind":"required","path":"expiry_date","value":null}},"_message":"Company validation failed"}],"failureMessages":["ValidationError: Company validation failed: licenses.0.expiry_date: Ngày hết hạn là bắt buộc\n    at model.Document.invalidate (D:\\HEPZA\\Project_Hepza\\ServerSide\\node_modules\\mongoose\\lib\\document.js:3381:32)\n    at EmbeddedDocument.Subdocument.invalidate (D:\\HEPZA\\Project_Hepza\\ServerSide\\node_modules\\mongoose\\lib\\types\\subdocument.js:257:12)\n    at D:\\HEPZA\\Project_Hepza\\ServerSide\\node_modules\\mongoose\\lib\\document.js:3142:17\n    at D:\\HEPZA\\Project_Hepza\\ServerSide\\node_modules\\mongoose\\lib\\schemaType.js:1443:9\n    at processTicksAndRejections (node:internal/process/task_queues:77:11)"],"fullName":"companyModel pre-save keeps license status valid when no expiry_date","invocations":1,"location":null,"numPassingAsserts":0,"retryReasons":[],"startAt":1777994918049,"status":"failed","title":"pre-save keeps license status valid when no expiry_date"},{"ancestorTitles":["companyModel"],"duration":0,"failing":false,"failureDetails":[{}],"failureMessages":["TypeError: IndustrialZone.findOne(...).session is not a function\n    at model.session (D:\\HEPZA\\Project_Hepza\\ServerSide\\models\\companyModel.js:153:94)\n    at callMiddlewareFunction (D:\\HEPZA\\Project_Hepza\\ServerSide\\node_modules\\kareem\\index.js:628:27)\n    at model.next (D:\\HEPZA\\Project_Hepza\\ServerSide\\node_modules\\kareem\\index.js:93:7)\n    at _next (D:\\HEPZA\\Project_Hepza\\ServerSide\\node_modules\\kareem\\index.js:146:10)\n    at D:\\HEPZA\\Project_Hepza\\ServerSide\\node_modules\\kareem\\index.js:653:30\n    at processTicksAndRejections (node:internal/process/task_queues:77:11)"],"fullName":"companyModel pre-save does not regenerate company_id for existing doc","invocations":1,"location":null,"numPassingAsserts":0,"retryReasons":[],"startAt":1777994918053,"status":"failed","title":"pre-save does not regenerate company_id for existing doc"}],"endTime":1777994918078,"message":"  ● companyModel › pre-save updates license status to expired\n\n    TypeError: IndustrialZone.findOne(...).session is not a function\n\n    \u001b[0m \u001b[90m 151 |\u001b[39m       \u001b[36mthis\u001b[39m\u001b[33m.\u001b[39mcompany_id \u001b[33m=\u001b[39m \u001b[36mawait\u001b[39m generateCompanyId(\u001b[32m'UNASSIGNED'\u001b[39m)\u001b[33m;\u001b[39m\n     \u001b[90m 152 |\u001b[39m     } \u001b[36melse\u001b[39m {\n    \u001b[31m\u001b[1m>\u001b[22m\u001b[39m\u001b[90m 153 |\u001b[39m       \u001b[36mconst\u001b[39m zone \u001b[33m=\u001b[39m \u001b[36mawait\u001b[39m \u001b[33mIndustrialZone\u001b[39m\u001b[33m.\u001b[39mfindOne({ zone_id\u001b[33m:\u001b[39m \u001b[36mthis\u001b[39m\u001b[33m.\u001b[39mzone_id\u001b[33m,\u001b[39m deleted_at\u001b[33m:\u001b[39m \u001b[36mnull\u001b[39m })\u001b[33m.\u001b[39msession(\u001b[36mthis\u001b[39m\u001b[33m.\u001b[39m$session())\u001b[33m;\u001b[39m\n     \u001b[90m     |\u001b[39m                                                                                              \u001b[31m\u001b[1m^\u001b[22m\u001b[39m\n     \u001b[90m 154 |\u001b[39m       \u001b[36mif\u001b[39m (\u001b[33m!\u001b[39mzone) {\n     \u001b[90m 155 |\u001b[39m         \u001b[36mreturn\u001b[39m next(\u001b[36mnew\u001b[39m \u001b[33mError\u001b[39m(\u001b[32m`Industrial Zone with zone_id ${this.zone_id} not found`\u001b[39m))\u001b[33m;\u001b[39m\n     \u001b[90m 156 |\u001b[39m       }\u001b[0m\n\n      at model.session (models/companyModel.js:153:94)\n      at callMiddlewareFunction (node_modules/kareem/index.js:628:27)\n      at model.next (node_modules/kareem/index.js:93:7)\n      at _next (node_modules/kareem/index.js:146:10)\n      at node_modules/kareem/index.js:653:30\n\n  ● companyModel › pre-save updates license status to expiring soon\n\n    TypeError: IndustrialZone.findOne(...).session is not a function\n\n    \u001b[0m \u001b[90m 151 |\u001b[39m       \u001b[36mthis\u001b[39m\u001b[33m.\u001b[39mcompany_id \u001b[33m=\u001b[39m \u001b[36mawait\u001b[39m generateCompanyId(\u001b[32m'UNASSIGNED'\u001b[39m)\u001b[33m;\u001b[39m\n     \u001b[90m 152 |\u001b[39m     } \u001b[36melse\u001b[39m {\n    \u001b[31m\u001b[1m>\u001b[22m\u001b[39m\u001b[90m 153 |\u001b[39m       \u001b[36mconst\u001b[39m zone \u001b[33m=\u001b[39m \u001b[36mawait\u001b[39m \u001b[33mIndustrialZone\u001b[39m\u001b[33m.\u001b[39mfindOne({ zone_id\u001b[33m:\u001b[39m \u001b[36mthis\u001b[39m\u001b[33m.\u001b[39mzone_id\u001b[33m,\u001b[39m deleted_at\u001b[33m:\u001b[39m \u001b[36mnull\u001b[39m })\u001b[33m.\u001b[39msession(\u001b[36mthis\u001b[39m\u001b[33m.\u001b[39m$session())\u001b[33m;\u001b[39m\n     \u001b[90m     |\u001b[39m                                                                                              \u001b[31m\u001b[1m^\u001b[22m\u001b[39m\n     \u001b[90m 154 |\u001b[39m       \u001b[36mif\u001b[39m (\u001b[33m!\u001b[39mzone) {\n     \u001b[90m 155 |\u001b[39m         \u001b[36mreturn\u001b[39m next(\u001b[36mnew\u001b[39m \u001b[33mError\u001b[39m(\u001b[32m`Industrial Zone with zone_id ${this.zone_id} not found`\u001b[39m))\u001b[33m;\u001b[39m\n     \u001b[90m 156 |\u001b[39m       }\u001b[0m\n\n      at model.session (models/companyModel.js:153:94)\n      at callMiddlewareFunction (node_modules/kareem/index.js:628:27)\n      at model.next (node_modules/kareem/index.js:93:7)\n      at _next (node_modules/kareem/index.js:146:10)\n      at node_modules/kareem/index.js:653:30\n\n  ● companyModel › pre-save keeps license status valid when far expiry\n\n    TypeError: IndustrialZone.findOne(...).session is not a function\n\n    \u001b[0m \u001b[90m 151 |\u001b[39m       \u001b[36mthis\u001b[39m\u001b[33m.\u001b[39mcompany_id \u001b[33m=\u001b[39m \u001b[36mawait\u001b[39m generateCompanyId(\u001b[32m'UNASSIGNED'\u001b[39m)\u001b[33m;\u001b[39m\n     \u001b[90m 152 |\u001b[39m     } \u001b[36melse\u001b[39m {\n    \u001b[31m\u001b[1m>\u001b[22m\u001b[39m\u001b[90m 153 |\u001b[39m       \u001b[36mconst\u001b[39m zone \u001b[33m=\u001b[39m \u001b[36mawait\u001b[39m \u001b[33mIndustrialZone\u001b[39m\u001b[33m.\u001b[39mfindOne({ zone_id\u001b[33m:\u001b[39m \u001b[36mthis\u001b[39m\u001b[33m.\u001b[39mzone_id\u001b[33m,\u001b[39m deleted_at\u001b[33m:\u001b[39m \u001b[36mnull\u001b[39m })\u001b[33m.\u001b[39msession(\u001b[36mthis\u001b[39m\u001b[33m.\u001b[39m$session())\u001b[33m;\u001b[39m\n     \u001b[90m     |\u001b[39m                                                                                              \u001b[31m\u001b[1m^\u001b[22m\u001b[39m\n     \u001b[90m 154 |\u001b[39m       \u001b[36mif\u001b[39m (\u001b[33m!\u001b[39mzone) {\n     \u001b[90m 155 |\u001b[39m         \u001b[36mreturn\u001b[39m next(\u001b[36mnew\u001b[39m \u001b[33mError\u001b[39m(\u001b[32m`Industrial Zone with zone_id ${this.zone_id} not found`\u001b[39m))\u001b[33m;\u001b[39m\n     \u001b[90m 156 |\u001b[39m       }\u001b[0m\n\n      at model.session (models/companyModel.js:153:94)\n      at callMiddlewareFunction (node_modules/kareem/index.js:628:27)\n      at model.next (node_modules/kareem/index.js:93:7)\n      at _next (node_modules/kareem/index.js:146:10)\n      at node_modules/kareem/index.js:653:30\n\n  ● companyModel › pre-save keeps license status valid when no expiry_date\n\n    ValidationError: Company validation failed: licenses.0.expiry_date: Ngày hết hạn là bắt buộc\n\n      at model.Document.invalidate (node_modules/mongoose/lib/document.js:3381:32)\n      at EmbeddedDocument.Subdocument.invalidate (node_modules/mongoose/lib/types/subdocument.js:257:12)\n      at node_modules/mongoose/lib/document.js:3142:17\n      at node_modules/mongoose/lib/schemaType.js:1443:9\n\n  ● companyModel › pre-save does not regenerate company_id for existing doc\n\n    TypeError: IndustrialZone.findOne(...).session is not a function\n\n    \u001b[0m \u001b[90m 151 |\u001b[39m       \u001b[36mthis\u001b[39m\u001b[33m.\u001b[39mcompany_id \u001b[33m=\u001b[39m \u001b[36mawait\u001b[39m generateCompanyId(\u001b[32m'UNASSIGNED'\u001b[39m)\u001b[33m;\u001b[39m\n     \u001b[90m 152 |\u001b[39m     } \u001b[36melse\u001b[39m {\n    \u001b[31m\u001b[1m>\u001b[22m\u001b[39m\u001b[90m 153 |\u001b[39m       \u001b[36mconst\u001b[39m zone \u001b[33m=\u001b[39m \u001b[36mawait\u001b[39m \u001b[33mIndustrialZone\u001b[39m\u001b[33m.\u001b[39mfindOne({ zone_id\u001b[33m:\u001b[39m \u001b[36mthis\u001b[39m\u001b[33m.\u001b[39mzone_id\u001b[33m,\u001b[39m deleted_at\u001b[33m:\u001b[39m \u001b[36mnull\u001b[39m })\u001b[33m.\u001b[39msession(\u001b[36mthis\u001b[39m\u001b[33m.\u001b[39m$session())\u001b[33m;\u001b[39m\n     \u001b[90m     |\u001b[39m                                                                                              \u001b[31m\u001b[1m^\u001b[22m\u001b[39m\n     \u001b[90m 154 |\u001b[39m       \u001b[36mif\u001b[39m (\u001b[33m!\u001b[39mzone) {\n     \u001b[90m 155 |\u001b[39m         \u001b[36mreturn\u001b[39m next(\u001b[36mnew\u001b[39m \u001b[33mError\u001b[39m(\u001b[32m`Industrial Zone with zone_id ${this.zone_id} not found`\u001b[39m))\u001b[33m;\u001b[39m\n     \u001b[90m 156 |\u001b[39m       }\u001b[0m\n\n      at model.session (models/companyModel.js:153:94)\n      at callMiddlewareFunction (node_modules/kareem/index.js:628:27)\n      at model.next (node_modules/kareem/index.js:93:7)\n      at _next (node_modules/kareem/index.js:146:10)\n      at node_modules/kareem/index.js:653:30\n","name":"D:\\HEPZA\\Project_Hepza\\ServerSide\\models\\__tests__\\companyModel.test.js","startTime":1777994917415,"status":"failed","summary":""}],"wasInterrupted":false}
