{"numFailedTestSuites":0,"numFailedTests":0,"numPassedTestSuites":1,"numPassedTests":24,"numPendingTestSuites":0,"numPendingTests":0,"numRuntimeErrorTestSuites":0,"numTodoTests":0,"numTotalTestSuites":1,"numTotalTests":24,"openHandles":[],"snapshot":{"added":0,"didUpdate":false,"failure":false,"filesAdded":0,"filesRemoved":0,"filesRemovedList":[],"filesUnmatched":0,"filesUpdated":0,"matched":0,"total":0,"unchecked":0,"uncheckedKeysByFile":[],"unmatched":0,"updated":0},"startTime":1777996042061,"success":true,"testResults":[{"assertionResults":[{"ancestorTitles":["companyModel"],"duration":8,"failing":false,"failureDetails":[],"failureMessages":[],"fullName":"companyModel schema accepts valid company_registration_number 10 digits","invocations":1,"location":null,"numPassingAsserts":1,"retryReasons":[],"startAt":1777996042706,"status":"passed","title":"schema accepts valid company_registration_number 10 digits"},{"ancestorTitles":["companyModel"],"duration":1,"failing":false,"failureDetails":[],"failureMessages":[],"fullName":"companyModel schema accepts valid company_registration_number 13 digits","invocations":1,"location":null,"numPassingAsserts":1,"retryReasons":[],"startAt":1777996042715,"status":"passed","title":"schema accepts valid company_registration_number 13 digits"},{"ancestorTitles":["companyModel"],"duration":2,"failing":false,"failureDetails":[],"failureMessages":[],"fullName":"companyModel schema rejects invalid registration number","invocations":1,"location":null,"numPassingAsserts":1,"retryReasons":[],"startAt":1777996042716,"status":"passed","title":"schema rejects invalid registration number"},{"ancestorTitles":["companyModel"],"duration":1,"failing":false,"failureDetails":[],"failureMessages":[],"fullName":"companyModel schema accepts valid website","invocations":1,"location":null,"numPassingAsserts":1,"retryReasons":[],"startAt":1777996042718,"status":"passed","title":"schema accepts valid website"},{"ancestorTitles":["companyModel"],"duration":2,"failing":false,"failureDetails":[],"failureMessages":[],"fullName":"companyModel schema rejects invalid website","invocations":1,"location":null,"numPassingAsserts":1,"retryReasons":[],"startAt":1777996042719,"status":"passed","title":"schema rejects invalid website"},{"ancestorTitles":["companyModel"],"duration":1,"failing":false,"failureDetails":[],"failureMessages":[],"fullName":"companyModel schema normalizes empty address to undefined","invocations":1,"location":null,"numPassingAsserts":1,"retryReasons":[],"startAt":1777996042721,"status":"passed","title":"schema normalizes empty address to undefined"},{"ancestorTitles":["companyModel"],"duration":1,"failing":false,"failureDetails":[],"failureMessages":[],"fullName":"companyModel schema normalizes null address to undefined","invocations":1,"location":null,"numPassingAsserts":1,"retryReasons":[],"startAt":1777996042723,"status":"passed","title":"schema normalizes null address to undefined"},{"ancestorTitles":["companyModel"],"duration":2,"failing":false,"failureDetails":[],"failureMessages":[],"fullName":"companyModel schema normalizes address with whitespace","invocations":1,"location":null,"numPassingAsserts":1,"retryReasons":[],"startAt":1777996042725,"status":"passed","title":"schema normalizes address with whitespace"},{"ancestorTitles":["companyModel"],"duration":2,"failing":false,"failureDetails":[],"failureMessages":[],"fullName":"companyModel schema rejects founded_year before 1800","invocations":1,"location":null,"numPassingAsserts":1,"retryReasons":[],"startAt":1777996042727,"status":"passed","title":"schema rejects founded_year before 1800"},{"ancestorTitles":["companyModel"],"duration":1,"failing":false,"failureDetails":[],"failureMessages":[],"fullName":"companyModel schema rejects future founded_year","invocations":1,"location":null,"numPassingAsserts":1,"retryReasons":[],"startAt":1777996042729,"status":"passed","title":"schema rejects future founded_year"},{"ancestorTitles":["companyModel"],"duration":1,"failing":false,"failureDetails":[],"failureMessages":[],"fullName":"companyModel schema rejects invalid status enum","invocations":1,"location":null,"numPassingAsserts":1,"retryReasons":[],"startAt":1777996042731,"status":"passed","title":"schema rejects invalid status enum"},{"ancestorTitles":["companyModel"],"duration":3,"failing":false,"failureDetails":[],"failureMessages":[],"fullName":"companyModel schema accepts valid license","invocations":1,"location":null,"numPassingAsserts":1,"retryReasons":[],"startAt":1777996042732,"status":"passed","title":"schema accepts valid license"},{"ancestorTitles":["companyModel"],"duration":2,"failing":false,"failureDetails":[],"failureMessages":[],"fullName":"companyModel schema rejects license expiry before issue date","invocations":1,"location":null,"numPassingAsserts":1,"retryReasons":[],"startAt":1777996042735,"status":"passed","title":"schema rejects license expiry before issue date"},{"ancestorTitles":["companyModel"],"duration":1,"failing":false,"failureDetails":[],"failureMessages":[],"fullName":"companyModel schema rejects negative total_workers","invocations":1,"location":null,"numPassingAsserts":1,"retryReasons":[],"startAt":1777996042737,"status":"passed","title":"schema rejects negative total_workers"},{"ancestorTitles":["companyModel"],"duration":1,"failing":false,"failureDetails":[],"failureMessages":[],"fullName":"companyModel schema rejects invalid revenue_currency","invocations":1,"location":null,"numPassingAsserts":1,"retryReasons":[],"startAt":1777996042738,"status":"passed","title":"schema rejects invalid revenue_currency"},{"ancestorTitles":["companyModel"],"duration":0,"failing":false,"failureDetails":[],"failureMessages":[],"fullName":"companyModel schema has expected paths","invocations":1,"location":null,"numPassingAsserts":3,"retryReasons":[],"startAt":1777996042739,"status":"passed","title":"schema has expected paths"},{"ancestorTitles":["companyModel"],"duration":1,"failing":false,"failureDetails":[],"failureMessages":[],"fullName":"companyModel schema defaults status to active","invocations":1,"location":null,"numPassingAsserts":1,"retryReasons":[],"startAt":1777996042739,"status":"passed","title":"schema defaults status to active"},{"ancestorTitles":["companyModel"],"duration":0,"failing":false,"failureDetails":[],"failureMessages":[],"fullName":"companyModel schema defaults revenue_currency to null enum","invocations":1,"location":null,"numPassingAsserts":1,"retryReasons":[],"startAt":1777996042740,"status":"passed","title":"schema defaults revenue_currency to null enum"},{"ancestorTitles":["companyModel"],"duration":4,"failing":false,"failureDetails":[],"failureMessages":[],"fullName":"companyModel pre-save updates license status to expired","invocations":1,"location":null,"numPassingAsserts":1,"retryReasons":[],"startAt":1777996042740,"status":"passed","title":"pre-save updates license status to expired"},{"ancestorTitles":["companyModel"],"duration":1,"failing":false,"failureDetails":[],"failureMessages":[],"fullName":"companyModel pre-save updates license status to expiring soon","invocations":1,"location":null,"numPassingAsserts":1,"retryReasons":[],"startAt":1777996042744,"status":"passed","title":"pre-save updates license status to expiring soon"},{"ancestorTitles":["companyModel"],"duration":1,"failing":false,"failureDetails":[],"failureMessages":[],"fullName":"companyModel pre-save keeps license status valid when far expiry","invocations":1,"location":null,"numPassingAsserts":1,"retryReasons":[],"startAt":1777996042746,"status":"passed","title":"pre-save keeps license status valid when far expiry"},{"ancestorTitles":["companyModel"],"duration":2,"failing":false,"failureDetails":[],"failureMessages":[],"fullName":"companyModel pre-save generates company_id with zone","invocations":1,"location":null,"numPassingAsserts":2,"retryReasons":[],"startAt":1777996042747,"status":"passed","title":"pre-save generates company_id with zone"},{"ancestorTitles":["companyModel"],"duration":9,"failing":false,"failureDetails":[],"failureMessages":[],"fullName":"companyModel pre-save throws when zone not found","invocations":1,"location":null,"numPassingAsserts":1,"retryReasons":[],"startAt":1777996042749,"status":"passed","title":"pre-save throws when zone not found"},{"ancestorTitles":["companyModel"],"duration":1,"failing":false,"failureDetails":[],"failureMessages":[],"fullName":"companyModel pre-save does not regenerate company_id for existing doc","invocations":1,"location":null,"numPassingAsserts":2,"retryReasons":[],"startAt":1777996042758,"status":"passed","title":"pre-save does not regenerate company_id for existing doc"}],"endTime":1777996042760,"message":"","name":"D:\\HEPZA\\Project_Hepza\\ServerSide\\models\\__tests__\\companyModel.test.js","startTime":1777996042111,"status":"passed","summary":""}],"wasInterrupted":false}
