{"numFailedTestSuites":0,"numFailedTests":0,"numPassedTestSuites":1,"numPassedTests":36,"numPendingTestSuites":0,"numPendingTests":0,"numRuntimeErrorTestSuites":0,"numTodoTests":0,"numTotalTestSuites":1,"numTotalTests":36,"openHandles":[],"snapshot":{"added":0,"didUpdate":false,"failure":false,"filesAdded":0,"filesRemoved":0,"filesRemovedList":[],"filesUnmatched":0,"filesUpdated":0,"matched":0,"total":0,"unchecked":0,"uncheckedKeysByFile":[],"unmatched":0,"updated":0},"startTime":1777996483696,"success":true,"testResults":[{"assertionResults":[{"ancestorTitles":["summaryRecordRepository","getSummaryRecordAggregate"],"duration":5,"failing":false,"failureDetails":[],"failureMessages":[],"fullName":"summaryRecordRepository getSummaryRecordAggregate builds pipeline with all includes","invocations":1,"location":null,"numPassingAsserts":4,"retryReasons":[],"startAt":1777996484361,"status":"passed","title":"builds pipeline with all includes"},{"ancestorTitles":["summaryRecordRepository","getSummaryRecordAggregate"],"duration":1,"failing":false,"failureDetails":[],"failureMessages":[],"fullName":"summaryRecordRepository getSummaryRecordAggregate builds pipeline with specific include","invocations":1,"location":null,"numPassingAsserts":1,"retryReasons":[],"startAt":1777996484366,"status":"passed","title":"builds pipeline with specific include"},{"ancestorTitles":["summaryRecordRepository","getSummaryRecordAggregate"],"duration":0,"failing":false,"failureDetails":[],"failureMessages":[],"fullName":"summaryRecordRepository getSummaryRecordAggregate builds pipeline with multiple includes","invocations":1,"location":null,"numPassingAsserts":1,"retryReasons":[],"startAt":1777996484368,"status":"passed","title":"builds pipeline with multiple includes"},{"ancestorTitles":["summaryRecordRepository","getSummaryRecordAggregate"],"duration":1,"failing":false,"failureDetails":[],"failureMessages":[],"fullName":"summaryRecordRepository getSummaryRecordAggregate builds pipeline without aggregateByMonth","invocations":1,"location":null,"numPassingAsserts":1,"retryReasons":[],"startAt":1777996484368,"status":"passed","title":"builds pipeline without aggregateByMonth"},{"ancestorTitles":["summaryRecordRepository","getSummaryRecordAggregate"],"duration":0,"failing":false,"failureDetails":[],"failureMessages":[],"fullName":"summaryRecordRepository getSummaryRecordAggregate builds pipeline without company_id","invocations":1,"location":null,"numPassingAsserts":2,"retryReasons":[],"startAt":1777996484369,"status":"passed","title":"builds pipeline without company_id"},{"ancestorTitles":["summaryRecordRepository","getSummaryRecordAggregate"],"duration":2,"failing":false,"failureDetails":[],"failureMessages":[],"fullName":"summaryRecordRepository getSummaryRecordAggregate builds pipeline without company_id and zone_id","invocations":1,"location":null,"numPassingAsserts":2,"retryReasons":[],"startAt":1777996484370,"status":"passed","title":"builds pipeline without company_id and zone_id"},{"ancestorTitles":["summaryRecordRepository","getSummaryRecordAggregate"],"duration":1,"failing":false,"failureDetails":[],"failureMessages":[],"fullName":"summaryRecordRepository getSummaryRecordAggregate builds pipeline with aggregateByMonth and zone only","invocations":1,"location":null,"numPassingAsserts":1,"retryReasons":[],"startAt":1777996484372,"status":"passed","title":"builds pipeline with aggregateByMonth and zone only"},{"ancestorTitles":["summaryRecordRepository","getSummaryRecordAggregate"],"duration":1,"failing":false,"failureDetails":[],"failureMessages":[],"fullName":"summaryRecordRepository getSummaryRecordAggregate builds pipeline with aggregateByMonth and no filters","invocations":1,"location":null,"numPassingAsserts":1,"retryReasons":[],"startAt":1777996484373,"status":"passed","title":"builds pipeline with aggregateByMonth and no filters"},{"ancestorTitles":["summaryRecordRepository","updateSummaryRecord"],"duration":1,"failing":false,"failureDetails":[],"failureMessages":[],"fullName":"summaryRecordRepository updateSummaryRecord creates new record when not exists","invocations":1,"location":null,"numPassingAsserts":1,"retryReasons":[],"startAt":1777996484375,"status":"passed","title":"creates new record when not exists"},{"ancestorTitles":["summaryRecordRepository","updateSummaryRecord"],"duration":1,"failing":false,"failureDetails":[],"failureMessages":[],"fullName":"summaryRecordRepository updateSummaryRecord updates existing record","invocations":1,"location":null,"numPassingAsserts":1,"retryReasons":[],"startAt":1777996484376,"status":"passed","title":"updates existing record"},{"ancestorTitles":["summaryRecordRepository","updateSummaryRecord"],"duration":1,"failing":false,"failureDetails":[],"failureMessages":[],"fullName":"summaryRecordRepository updateSummaryRecord skips update when no numeric/string fields","invocations":1,"location":null,"numPassingAsserts":2,"retryReasons":[],"startAt":1777996484378,"status":"passed","title":"skips update when no numeric/string fields"},{"ancestorTitles":["summaryRecordRepository","claimSummaryRecord"],"duration":1,"failing":false,"failureDetails":[],"failureMessages":[],"fullName":"summaryRecordRepository claimSummaryRecord creates empty summary record","invocations":1,"location":null,"numPassingAsserts":1,"retryReasons":[],"startAt":1777996484379,"status":"passed","title":"creates empty summary record"},{"ancestorTitles":["summaryRecordRepository","checkSummaryExists"],"duration":1,"failing":false,"failureDetails":[],"failureMessages":[],"fullName":"summaryRecordRepository checkSummaryExists returns true when exists","invocations":1,"location":null,"numPassingAsserts":1,"retryReasons":[],"startAt":1777996484380,"status":"passed","title":"returns true when exists"},{"ancestorTitles":["summaryRecordRepository","checkSummaryExists"],"duration":0,"failing":false,"failureDetails":[],"failureMessages":[],"fullName":"summaryRecordRepository checkSummaryExists returns false when not exists","invocations":1,"location":null,"numPassingAsserts":1,"retryReasons":[],"startAt":1777996484381,"status":"passed","title":"returns false when not exists"},{"ancestorTitles":["summaryRecordRepository","getActiveSummaryRecord"],"duration":2,"failing":false,"failureDetails":[],"failureMessages":[],"fullName":"summaryRecordRepository getActiveSummaryRecord returns record with session","invocations":1,"location":null,"numPassingAsserts":1,"retryReasons":[],"startAt":1777996484381,"status":"passed","title":"returns record with session"},{"ancestorTitles":["summaryRecordRepository","getActiveSummaryRecord"],"duration":1,"failing":false,"failureDetails":[],"failureMessages":[],"fullName":"summaryRecordRepository getActiveSummaryRecord returns record without session","invocations":1,"location":null,"numPassingAsserts":1,"retryReasons":[],"startAt":1777996484383,"status":"passed","title":"returns record without session"},{"ancestorTitles":["summaryRecordRepository","claimSummaryVersion"],"duration":0,"failing":false,"failureDetails":[],"failureMessages":[],"fullName":"summaryRecordRepository claimSummaryVersion increments version with session","invocations":1,"location":null,"numPassingAsserts":1,"retryReasons":[],"startAt":1777996484384,"status":"passed","title":"increments version with session"},{"ancestorTitles":["summaryRecordRepository","claimSummaryVersion"],"duration":1,"failing":false,"failureDetails":[],"failureMessages":[],"fullName":"summaryRecordRepository claimSummaryVersion increments version without session","invocations":1,"location":null,"numPassingAsserts":1,"retryReasons":[],"startAt":1777996484384,"status":"passed","title":"increments version without session"},{"ancestorTitles":["summaryRecordRepository","createEmptySummaryData"],"duration":1,"failing":false,"failureDetails":[],"failureMessages":[],"fullName":"summaryRecordRepository createEmptySummaryData returns object with all zero fields","invocations":1,"location":null,"numPassingAsserts":5,"retryReasons":[],"startAt":1777996484385,"status":"passed","title":"returns object with all zero fields"},{"ancestorTitles":["summaryRecordRepository","getDistinctCompanyIdsByPeriod"],"duration":0,"failing":false,"failureDetails":[],"failureMessages":[],"fullName":"summaryRecordRepository getDistinctCompanyIdsByPeriod returns distinct company ids","invocations":1,"location":null,"numPassingAsserts":2,"retryReasons":[],"startAt":1777996484386,"status":"passed","title":"returns distinct company ids"},{"ancestorTitles":["summaryRecordRepository","getDistinctCompanyIdsByPeriod"],"duration":1,"failing":false,"failureDetails":[],"failureMessages":[],"fullName":"summaryRecordRepository getDistinctCompanyIdsByPeriod filters by materials category","invocations":1,"location":null,"numPassingAsserts":1,"retryReasons":[],"startAt":1777996484386,"status":"passed","title":"filters by materials category"},{"ancestorTitles":["summaryRecordRepository","getDistinctCompanyIdsByPeriod"],"duration":0,"failing":false,"failureDetails":[],"failureMessages":[],"fullName":"summaryRecordRepository getDistinctCompanyIdsByPeriod filters by chemicals category","invocations":1,"location":null,"numPassingAsserts":1,"retryReasons":[],"startAt":1777996484387,"status":"passed","title":"filters by chemicals category"},{"ancestorTitles":["summaryRecordRepository","getDistinctCompanyIdsByPeriod"],"duration":0,"failing":false,"failureDetails":[],"failureMessages":[],"fullName":"summaryRecordRepository getDistinctCompanyIdsByPeriod filters by electricity category","invocations":1,"location":null,"numPassingAsserts":1,"retryReasons":[],"startAt":1777996484387,"status":"passed","title":"filters by electricity category"},{"ancestorTitles":["summaryRecordRepository","getDistinctCompanyIdsByPeriod"],"duration":1,"failing":false,"failureDetails":[],"failureMessages":[],"fullName":"summaryRecordRepository getDistinctCompanyIdsByPeriod filters by water category","invocations":1,"location":null,"numPassingAsserts":1,"retryReasons":[],"startAt":1777996484387,"status":"passed","title":"filters by water category"},{"ancestorTitles":["summaryRecordRepository","getDistinctCompanyIdsByPeriod"],"duration":0,"failing":false,"failureDetails":[],"failureMessages":[],"fullName":"summaryRecordRepository getDistinctCompanyIdsByPeriod filters by combustion category","invocations":1,"location":null,"numPassingAsserts":1,"retryReasons":[],"startAt":1777996484388,"status":"passed","title":"filters by combustion category"},{"ancestorTitles":["summaryRecordRepository","getDistinctCompanyIdsByPeriod"],"duration":0,"failing":false,"failureDetails":[],"failureMessages":[],"fullName":"summaryRecordRepository getDistinctCompanyIdsByPeriod filters by fuels category","invocations":1,"location":null,"numPassingAsserts":1,"retryReasons":[],"startAt":1777996484388,"status":"passed","title":"filters by fuels category"},{"ancestorTitles":["summaryRecordRepository","getDistinctCompanyIdsByPeriod"],"duration":0,"failing":false,"failureDetails":[],"failureMessages":[],"fullName":"summaryRecordRepository getDistinctCompanyIdsByPeriod filters by waste category","invocations":1,"location":null,"numPassingAsserts":1,"retryReasons":[],"startAt":1777996484391,"status":"passed","title":"filters by waste category"},{"ancestorTitles":["summaryRecordRepository","getDistinctCompanyIdsByPeriod"],"duration":1,"failing":false,"failureDetails":[],"failureMessages":[],"fullName":"summaryRecordRepository getDistinctCompanyIdsByPeriod filters by emissions category","invocations":1,"location":null,"numPassingAsserts":1,"retryReasons":[],"startAt":1777996484391,"status":"passed","title":"filters by emissions category"},{"ancestorTitles":["summaryRecordRepository","getMissingCompanyIdsByPeriod"],"duration":0,"failing":false,"failureDetails":[],"failureMessages":[],"fullName":"summaryRecordRepository getMissingCompanyIdsByPeriod returns missing company ids","invocations":1,"location":null,"numPassingAsserts":1,"retryReasons":[],"startAt":1777996484392,"status":"passed","title":"returns missing company ids"},{"ancestorTitles":["summaryRecordRepository","deleteSoftSummaryRecords"],"duration":0,"failing":false,"failureDetails":[],"failureMessages":[],"fullName":"summaryRecordRepository deleteSoftSummaryRecords soft deletes with session","invocations":1,"location":null,"numPassingAsserts":1,"retryReasons":[],"startAt":1777996484392,"status":"passed","title":"soft deletes with session"},{"ancestorTitles":["summaryRecordRepository","deleteSoftSummaryRecords"],"duration":1,"failing":false,"failureDetails":[],"failureMessages":[],"fullName":"summaryRecordRepository deleteSoftSummaryRecords soft deletes without session","invocations":1,"location":null,"numPassingAsserts":1,"retryReasons":[],"startAt":1777996484392,"status":"passed","title":"soft deletes without session"},{"ancestorTitles":["summaryRecordRepository","deleteHardSummaryRecords"],"duration":0,"failing":false,"failureDetails":[],"failureMessages":[],"fullName":"summaryRecordRepository deleteHardSummaryRecords hard deletes with session","invocations":1,"location":null,"numPassingAsserts":1,"retryReasons":[],"startAt":1777996484393,"status":"passed","title":"hard deletes with session"},{"ancestorTitles":["summaryRecordRepository","deleteHardSummaryRecords"],"duration":0,"failing":false,"failureDetails":[],"failureMessages":[],"fullName":"summaryRecordRepository deleteHardSummaryRecords hard deletes without session","invocations":1,"location":null,"numPassingAsserts":1,"retryReasons":[],"startAt":1777996484393,"status":"passed","title":"hard deletes without session"},{"ancestorTitles":["summaryRecordRepository","restoreSummaryRecords"],"duration":1,"failing":false,"failureDetails":[],"failureMessages":[],"fullName":"summaryRecordRepository restoreSummaryRecords restores with session","invocations":1,"location":null,"numPassingAsserts":1,"retryReasons":[],"startAt":1777996484393,"status":"passed","title":"restores with session"},{"ancestorTitles":["summaryRecordRepository","restoreSummaryRecords"],"duration":0,"failing":false,"failureDetails":[],"failureMessages":[],"fullName":"summaryRecordRepository restoreSummaryRecords restores without session","invocations":1,"location":null,"numPassingAsserts":1,"retryReasons":[],"startAt":1777996484394,"status":"passed","title":"restores without session"},{"ancestorTitles":["summaryRecordRepository","aggregate"],"duration":0,"failing":false,"failureDetails":[],"failureMessages":[],"fullName":"summaryRecordRepository aggregate runs generic pipeline","invocations":1,"location":null,"numPassingAsserts":1,"retryReasons":[],"startAt":1777996484394,"status":"passed","title":"runs generic pipeline"}],"endTime":1777996484396,"message":"","name":"D:\\HEPZA\\Project_Hepza\\ServerSide\\dataAccess\\__tests__\\summaryRecordRepository.test.js","startTime":1777996483745,"status":"passed","summary":""}],"wasInterrupted":false}
