{"numFailedTestSuites":0,"numFailedTests":0,"numPassedTestSuites":1,"numPassedTests":39,"numPendingTestSuites":0,"numPendingTests":0,"numRuntimeErrorTestSuites":0,"numTodoTests":0,"numTotalTestSuites":1,"numTotalTests":39,"openHandles":[],"snapshot":{"added":0,"didUpdate":false,"failure":false,"filesAdded":0,"filesRemoved":0,"filesRemovedList":[],"filesUnmatched":0,"filesUpdated":0,"matched":0,"total":0,"unchecked":0,"uncheckedKeysByFile":[],"unmatched":0,"updated":0},"startTime":1777996733108,"success":true,"testResults":[{"assertionResults":[{"ancestorTitles":["cloudinary helpers"],"duration":4,"failing":false,"failureDetails":[],"failureMessages":[],"fullName":"cloudinary helpers getBufferHash returns consistent md5 hex","invocations":1,"location":null,"numPassingAsserts":2,"retryReasons":[],"startAt":1777996733511,"status":"passed","title":"getBufferHash returns consistent md5 hex"},{"ancestorTitles":["cloudinary helpers"],"duration":0,"failing":false,"failureDetails":[],"failureMessages":[],"fullName":"cloudinary helpers resolveFileExtension returns empty for non-raw resourceType","invocations":1,"location":null,"numPassingAsserts":1,"retryReasons":[],"startAt":1777996733516,"status":"passed","title":"resolveFileExtension returns empty for non-raw resourceType"},{"ancestorTitles":["cloudinary helpers"],"duration":0,"failing":false,"failureDetails":[],"failureMessages":[],"fullName":"cloudinary helpers resolveFileExtension uses path extname for raw type","invocations":1,"location":null,"numPassingAsserts":1,"retryReasons":[],"startAt":1777996733517,"status":"passed","title":"resolveFileExtension uses path extname for raw type"},{"ancestorTitles":["cloudinary helpers"],"duration":0,"failing":false,"failureDetails":[],"failureMessages":[],"fullName":"cloudinary helpers resolveFileExtension falls back to MIME map for raw type","invocations":1,"location":null,"numPassingAsserts":2,"retryReasons":[],"startAt":1777996733517,"status":"passed","title":"resolveFileExtension falls back to MIME map for raw type"},{"ancestorTitles":["cloudinary helpers"],"duration":0,"failing":false,"failureDetails":[],"failureMessages":[],"fullName":"cloudinary helpers resolveFileExtension returns empty for unknown mime","invocations":1,"location":null,"numPassingAsserts":1,"retryReasons":[],"startAt":1777996733518,"status":"passed","title":"resolveFileExtension returns empty for unknown mime"},{"ancestorTitles":["cloudinary helpers"],"duration":1,"failing":false,"failureDetails":[],"failureMessages":[],"fullName":"cloudinary helpers normalizeLogicalScope normalizes segments","invocations":1,"location":null,"numPassingAsserts":1,"retryReasons":[],"startAt":1777996733518,"status":"passed","title":"normalizeLogicalScope normalizes segments"},{"ancestorTitles":["cloudinary helpers"],"duration":2,"failing":false,"failureDetails":[],"failureMessages":[],"fullName":"cloudinary helpers normalizeLogicalScope returns unspecified for empty input","invocations":1,"location":null,"numPassingAsserts":2,"retryReasons":[],"startAt":1777996733519,"status":"passed","title":"normalizeLogicalScope returns unspecified for empty input"},{"ancestorTitles":["cloudinary helpers"],"duration":0,"failing":false,"failureDetails":[],"failureMessages":[],"fullName":"cloudinary helpers buildBlobPublicId builds correct path","invocations":1,"location":null,"numPassingAsserts":2,"retryReasons":[],"startAt":1777996733522,"status":"passed","title":"buildBlobPublicId builds correct path"},{"ancestorTitles":["cloudinary helpers"],"duration":1,"failing":false,"failureDetails":[],"failureMessages":[],"fullName":"cloudinary helpers resolveResourceType validates known types","invocations":1,"location":null,"numPassingAsserts":4,"retryReasons":[],"startAt":1777996733522,"status":"passed","title":"resolveResourceType validates known types"},{"ancestorTitles":["cloudinary helpers"],"duration":2,"failing":false,"failureDetails":[],"failureMessages":[],"fullName":"cloudinary helpers findRegisteredAsset queries by hash and type","invocations":1,"location":null,"numPassingAsserts":2,"retryReasons":[],"startAt":1777996733523,"status":"passed","title":"findRegisteredAsset queries by hash and type"},{"ancestorTitles":["cloudinary helpers"],"duration":1,"failing":false,"failureDetails":[],"failureMessages":[],"fullName":"cloudinary helpers findRegisteredAsset returns null for empty hash","invocations":1,"location":null,"numPassingAsserts":2,"retryReasons":[],"startAt":1777996733525,"status":"passed","title":"findRegisteredAsset returns null for empty hash"},{"ancestorTitles":["cloudinary helpers"],"duration":0,"failing":false,"failureDetails":[],"failureMessages":[],"fullName":"cloudinary helpers getExistingCloudinaryUrl returns secure url when resource exists","invocations":1,"location":null,"numPassingAsserts":1,"retryReasons":[],"startAt":1777996733526,"status":"passed","title":"getExistingCloudinaryUrl returns secure url when resource exists"},{"ancestorTitles":["cloudinary helpers"],"duration":1,"failing":false,"failureDetails":[],"failureMessages":[],"fullName":"cloudinary helpers getExistingCloudinaryUrl returns null on 404","invocations":1,"location":null,"numPassingAsserts":1,"retryReasons":[],"startAt":1777996733526,"status":"passed","title":"getExistingCloudinaryUrl returns null on 404"},{"ancestorTitles":["cloudinary helpers"],"duration":18,"failing":false,"failureDetails":[],"failureMessages":[],"fullName":"cloudinary helpers getExistingCloudinaryUrl throws on non-404 errors","invocations":1,"location":null,"numPassingAsserts":1,"retryReasons":[],"startAt":1777996733527,"status":"passed","title":"getExistingCloudinaryUrl throws on non-404 errors"},{"ancestorTitles":["cloudinary helpers"],"duration":2,"failing":false,"failureDetails":[],"failureMessages":[],"fullName":"cloudinary helpers upsertRegisteredAsset builds correct update ops","invocations":1,"location":null,"numPassingAsserts":2,"retryReasons":[],"startAt":1777996733546,"status":"passed","title":"upsertRegisteredAsset builds correct update ops"},{"ancestorTitles":["cloudinary helpers"],"duration":0,"failing":false,"failureDetails":[],"failureMessages":[],"fullName":"cloudinary helpers removeRegisteredAsset deletes by publicId","invocations":1,"location":null,"numPassingAsserts":1,"retryReasons":[],"startAt":1777996733548,"status":"passed","title":"removeRegisteredAsset deletes by publicId"},{"ancestorTitles":["cloudinary helpers"],"duration":0,"failing":false,"failureDetails":[],"failureMessages":[],"fullName":"cloudinary helpers removeRegisteredAsset does nothing without publicId","invocations":1,"location":null,"numPassingAsserts":1,"retryReasons":[],"startAt":1777996733549,"status":"passed","title":"removeRegisteredAsset does nothing without publicId"},{"ancestorTitles":["cloudinary helpers"],"duration":1,"failing":false,"failureDetails":[],"failureMessages":[],"fullName":"cloudinary helpers buildUploadOptions includes allowed_formats for images","invocations":1,"location":null,"numPassingAsserts":4,"retryReasons":[],"startAt":1777996733549,"status":"passed","title":"buildUploadOptions includes allowed_formats for images"},{"ancestorTitles":["cloudinary helpers"],"duration":1,"failing":false,"failureDetails":[],"failureMessages":[],"fullName":"cloudinary helpers buildUploadOptions omits allowed_formats for raw","invocations":1,"location":null,"numPassingAsserts":2,"retryReasons":[],"startAt":1777996733550,"status":"passed","title":"buildUploadOptions omits allowed_formats for raw"},{"ancestorTitles":["cloudinary helpers"],"duration":1,"failing":false,"failureDetails":[],"failureMessages":[],"fullName":"cloudinary helpers getFileHash reads file and returns md5","invocations":1,"location":null,"numPassingAsserts":2,"retryReasons":[],"startAt":1777996733551,"status":"passed","title":"getFileHash reads file and returns md5"},{"ancestorTitles":["cloudinary helpers"],"duration":1,"failing":false,"failureDetails":[],"failureMessages":[],"fullName":"cloudinary helpers extractPublicId returns null for empty url","invocations":1,"location":null,"numPassingAsserts":2,"retryReasons":[],"startAt":1777996733552,"status":"passed","title":"extractPublicId returns null for empty url"},{"ancestorTitles":["cloudinary helpers"],"duration":0,"failing":false,"failureDetails":[],"failureMessages":[],"fullName":"cloudinary helpers extractPublicId returns null for invalid url","invocations":1,"location":null,"numPassingAsserts":1,"retryReasons":[],"startAt":1777996733553,"status":"passed","title":"extractPublicId returns null for invalid url"},{"ancestorTitles":["cloudinary helpers"],"duration":0,"failing":false,"failureDetails":[],"failureMessages":[],"fullName":"cloudinary helpers extractPublicId extracts image public id","invocations":1,"location":null,"numPassingAsserts":1,"retryReasons":[],"startAt":1777996733553,"status":"passed","title":"extractPublicId extracts image public id"},{"ancestorTitles":["cloudinary helpers"],"duration":0,"failing":false,"failureDetails":[],"failureMessages":[],"fullName":"cloudinary helpers extractPublicId extracts raw public id keeping extension","invocations":1,"location":null,"numPassingAsserts":1,"retryReasons":[],"startAt":1777996733553,"status":"passed","title":"extractPublicId extracts raw public id keeping extension"},{"ancestorTitles":["cloudinary helpers"],"duration":0,"failing":false,"failureDetails":[],"failureMessages":[],"fullName":"cloudinary helpers extractPublicId handles transformation segments","invocations":1,"location":null,"numPassingAsserts":1,"retryReasons":[],"startAt":1777996733553,"status":"passed","title":"extractPublicId handles transformation segments"},{"ancestorTitles":["cloudinary helpers"],"duration":0,"failing":false,"failureDetails":[],"failureMessages":[],"fullName":"cloudinary helpers extractPublicId handles version segments","invocations":1,"location":null,"numPassingAsserts":1,"retryReasons":[],"startAt":1777996733554,"status":"passed","title":"extractPublicId handles version segments"},{"ancestorTitles":["cloudinary helpers"],"duration":0,"failing":false,"failureDetails":[],"failureMessages":[],"fullName":"cloudinary helpers destroyByUrl does nothing for invalid url","invocations":1,"location":null,"numPassingAsserts":1,"retryReasons":[],"startAt":1777996733554,"status":"passed","title":"destroyByUrl does nothing for invalid url"},{"ancestorTitles":["cloudinary helpers"],"duration":0,"failing":false,"failureDetails":[],"failureMessages":[],"fullName":"cloudinary helpers destroyByUrl destroys extracted public id","invocations":1,"location":null,"numPassingAsserts":2,"retryReasons":[],"startAt":1777996733554,"status":"passed","title":"destroyByUrl destroys extracted public id"},{"ancestorTitles":["cloudinary helpers"],"duration":1,"failing":false,"failureDetails":[],"failureMessages":[],"fullName":"cloudinary helpers destroyByUrl logs warning on error","invocations":1,"location":null,"numPassingAsserts":1,"retryReasons":[],"startAt":1777996733554,"status":"passed","title":"destroyByUrl logs warning on error"},{"ancestorTitles":["cloudinary helpers","uploadOrReuseAttachment"],"duration":1,"failing":false,"failureDetails":[],"failureMessages":[],"fullName":"cloudinary helpers uploadOrReuseAttachment throws for invalid file path","invocations":1,"location":null,"numPassingAsserts":1,"retryReasons":[],"startAt":1777996733555,"status":"passed","title":"throws for invalid file path"},{"ancestorTitles":["cloudinary helpers","uploadOrReuseAttachment"],"duration":1,"failing":false,"failureDetails":[],"failureMessages":[],"fullName":"cloudinary helpers uploadOrReuseAttachment uploads new file when no registered asset exists","invocations":1,"location":null,"numPassingAsserts":2,"retryReasons":[],"startAt":1777996733556,"status":"passed","title":"uploads new file when no registered asset exists"},{"ancestorTitles":["cloudinary helpers","uploadOrReuseAttachment"],"duration":0,"failing":false,"failureDetails":[],"failureMessages":[],"fullName":"cloudinary helpers uploadOrReuseAttachment reuses registered asset url when cloudinary resource exists","invocations":1,"location":null,"numPassingAsserts":2,"retryReasons":[],"startAt":1777996733557,"status":"passed","title":"reuses registered asset url when cloudinary resource exists"},{"ancestorTitles":["cloudinary helpers","uploadOrReuseAttachment"],"duration":0,"failing":false,"failureDetails":[],"failureMessages":[],"fullName":"cloudinary helpers uploadOrReuseAttachment throws on file size too large","invocations":1,"location":null,"numPassingAsserts":1,"retryReasons":[],"startAt":1777996733558,"status":"passed","title":"throws on file size too large"},{"ancestorTitles":["cloudinary helpers","uploadOrReuseAttachment"],"duration":1,"failing":false,"failureDetails":[],"failureMessages":[],"fullName":"cloudinary helpers uploadOrReuseAttachment throws on pixel error","invocations":1,"location":null,"numPassingAsserts":1,"retryReasons":[],"startAt":1777996733558,"status":"passed","title":"throws on pixel error"},{"ancestorTitles":["cloudinary helpers","uploadOrReuseAttachment"],"duration":0,"failing":false,"failureDetails":[],"failureMessages":[],"fullName":"cloudinary helpers uploadOrReuseAttachment unlinks file in finally","invocations":1,"location":null,"numPassingAsserts":1,"retryReasons":[],"startAt":1777996733559,"status":"passed","title":"unlinks file in finally"},{"ancestorTitles":["cloudinary helpers","uploadDataUriOrReuseAttachment"],"duration":2,"failing":false,"failureDetails":[],"failureMessages":[],"fullName":"cloudinary helpers uploadDataUriOrReuseAttachment throws for invalid data URI","invocations":1,"location":null,"numPassingAsserts":1,"retryReasons":[],"startAt":1777996733559,"status":"passed","title":"throws for invalid data URI"},{"ancestorTitles":["cloudinary helpers","uploadDataUriOrReuseAttachment"],"duration":0,"failing":false,"failureDetails":[],"failureMessages":[],"fullName":"cloudinary helpers uploadDataUriOrReuseAttachment throws for unsupported data URI format","invocations":1,"location":null,"numPassingAsserts":1,"retryReasons":[],"startAt":1777996733562,"status":"passed","title":"throws for unsupported data URI format"},{"ancestorTitles":["cloudinary helpers","uploadDataUriOrReuseAttachment"],"duration":2,"failing":false,"failureDetails":[],"failureMessages":[],"fullName":"cloudinary helpers uploadDataUriOrReuseAttachment uploads base64 data URI","invocations":1,"location":null,"numPassingAsserts":2,"retryReasons":[],"startAt":1777996733562,"status":"passed","title":"uploads base64 data URI"},{"ancestorTitles":["cloudinary helpers","uploadDataUriOrReuseAttachment"],"duration":0,"failing":false,"failureDetails":[],"failureMessages":[],"fullName":"cloudinary helpers uploadDataUriOrReuseAttachment reuses existing asset by hash","invocations":1,"location":null,"numPassingAsserts":1,"retryReasons":[],"startAt":1777996733565,"status":"passed","title":"reuses existing asset by hash"}],"endTime":1777996733567,"message":"","name":"D:\\HEPZA\\Project_Hepza\\ServerSide\\config\\__tests__\\cloudinary.test.js","startTime":1777996733161,"status":"passed","summary":""}],"wasInterrupted":false}
