{"numFailedTestSuites":1,"numFailedTests":4,"numPassedTestSuites":0,"numPassedTests":5,"numPendingTestSuites":0,"numPendingTests":0,"numRuntimeErrorTestSuites":0,"numTodoTests":0,"numTotalTestSuites":1,"numTotalTests":9,"openHandles":[],"snapshot":{"added":0,"didUpdate":false,"failure":false,"filesAdded":0,"filesRemoved":0,"filesRemovedList":[],"filesUnmatched":0,"filesUpdated":0,"matched":0,"total":0,"unchecked":0,"uncheckedKeysByFile":[],"unmatched":0,"updated":0},"startTime":1777996100739,"success":false,"testResults":[{"assertionResults":[{"ancestorTitles":["cloudinaryReferenceTracker"],"duration":2,"failing":false,"failureDetails":[],"failureMessages":[],"fullName":"cloudinaryReferenceTracker countCloudinaryUrlReferences returns 0 for empty url","invocations":1,"location":null,"numPassingAsserts":1,"retryReasons":[],"startAt":1777996101080,"status":"passed","title":"countCloudinaryUrlReferences returns 0 for empty url"},{"ancestorTitles":["cloudinaryReferenceTracker"],"duration":0,"failing":false,"failureDetails":[],"failureMessages":[],"fullName":"cloudinaryReferenceTracker countCloudinaryUrlReferences returns 0 for null url","invocations":1,"location":null,"numPassingAsserts":1,"retryReasons":[],"startAt":1777996101082,"status":"passed","title":"countCloudinaryUrlReferences returns 0 for null url"},{"ancestorTitles":["cloudinaryReferenceTracker"],"duration":1,"failing":false,"failureDetails":[],"failureMessages":[],"fullName":"cloudinaryReferenceTracker countCloudinaryUrlReferences sums all model counts","invocations":1,"location":null,"numPassingAsserts":4,"retryReasons":[],"startAt":1777996101083,"status":"passed","title":"countCloudinaryUrlReferences sums all model counts"},{"ancestorTitles":["cloudinaryReferenceTracker"],"duration":3,"failing":false,"failureDetails":[{"matcherResult":{"message":"expect(jest.fn()).toHaveBeenCalledWith(...expected)\n\n- Expected\n+ Received\n\n- Array [\n-   \"http://a.jpg\",\n-   \"http://b.jpg\",\n- ]\n+ Array [],\n\nNumber of calls: 1","pass":false}}],"failureMessages":["Error: expect(jest.fn()).toHaveBeenCalledWith(...expected)\n\n- Expected\n+ Received\n\n- Array [\n-   \"http://a.jpg\",\n-   \"http://b.jpg\",\n- ]\n+ Array [],\n\nNumber of calls: 1\n    at Object.toHaveBeenCalledWith (D:\\HEPZA\\Project_Hepza\\ServerSide\\utils\\__tests__\\cloudinaryReferenceTracker.test.js:66:39)\n    at processTicksAndRejections (node:internal/process/task_queues:95:5)"],"fullName":"cloudinaryReferenceTracker destroyUnusedCloudinaryUrls deletes urls with zero references","invocations":1,"location":null,"numPassingAsserts":0,"retryReasons":[],"startAt":1777996101084,"status":"failed","title":"destroyUnusedCloudinaryUrls deletes urls with zero references"},{"ancestorTitles":["cloudinaryReferenceTracker"],"duration":1,"failing":false,"failureDetails":[{"matcherResult":{"message":"expect(jest.fn()).toHaveBeenCalledWith(...expected)\n\n- Expected\n+ Received\n\n- Array [\n-   \"http://b.jpg\",\n- ]\n+ Array [],\n\nNumber of calls: 1","pass":false}}],"failureMessages":["Error: expect(jest.fn()).toHaveBeenCalledWith(...expected)\n\n- Expected\n+ Received\n\n- Array [\n-   \"http://b.jpg\",\n- ]\n+ Array [],\n\nNumber of calls: 1\n    at Object.toHaveBeenCalledWith (D:\\HEPZA\\Project_Hepza\\ServerSide\\utils\\__tests__\\cloudinaryReferenceTracker.test.js:73:39)\n    at processTicksAndRejections (node:internal/process/task_queues:95:5)"],"fullName":"cloudinaryReferenceTracker destroyUnusedCloudinaryUrls skips referenced urls","invocations":1,"location":null,"numPassingAsserts":0,"retryReasons":[],"startAt":1777996101093,"status":"failed","title":"destroyUnusedCloudinaryUrls skips referenced urls"},{"ancestorTitles":["cloudinaryReferenceTracker"],"duration":1,"failing":false,"failureDetails":[{"matcherResult":{"message":"expect(jest.fn()).toHaveBeenCalledWith(...expected)\n\n- Expected\n+ Received\n\n- Array [\n-   \"http://a.jpg\",\n- ]\n+ Array [],\n\nNumber of calls: 1","pass":false}}],"failureMessages":["Error: expect(jest.fn()).toHaveBeenCalledWith(...expected)\n\n- Expected\n+ Received\n\n- Array [\n-   \"http://a.jpg\",\n- ]\n+ Array [],\n\nNumber of calls: 1\n    at Object.toHaveBeenCalledWith (D:\\HEPZA\\Project_Hepza\\ServerSide\\utils\\__tests__\\cloudinaryReferenceTracker.test.js:79:39)\n    at processTicksAndRejections (node:internal/process/task_queues:95:5)"],"fullName":"cloudinaryReferenceTracker destroyUnusedCloudinaryUrls deduplicates urls","invocations":1,"location":null,"numPassingAsserts":0,"retryReasons":[],"startAt":1777996101094,"status":"failed","title":"destroyUnusedCloudinaryUrls deduplicates urls"},{"ancestorTitles":["cloudinaryReferenceTracker"],"duration":1,"failing":false,"failureDetails":[{"matcherResult":{"message":"expect(jest.fn()).toHaveBeenCalledWith(...expected)\n\n- Expected\n+ Received\n\n- Array [\n-   \"http://a.jpg\",\n- ]\n+ Array [],\n\nNumber of calls: 1","pass":false}}],"failureMessages":["Error: expect(jest.fn()).toHaveBeenCalledWith(...expected)\n\n- Expected\n+ Received\n\n- Array [\n-   \"http://a.jpg\",\n- ]\n+ Array [],\n\nNumber of calls: 1\n    at Object.toHaveBeenCalledWith (D:\\HEPZA\\Project_Hepza\\ServerSide\\utils\\__tests__\\cloudinaryReferenceTracker.test.js:85:39)\n    at processTicksAndRejections (node:internal/process/task_queues:95:5)"],"fullName":"cloudinaryReferenceTracker destroyUnusedCloudinaryUrls filters falsy values","invocations":1,"location":null,"numPassingAsserts":0,"retryReasons":[],"startAt":1777996101095,"status":"failed","title":"destroyUnusedCloudinaryUrls filters falsy values"},{"ancestorTitles":["cloudinaryReferenceTracker"],"duration":0,"failing":false,"failureDetails":[],"failureMessages":[],"fullName":"cloudinaryReferenceTracker destroyUnusedCloudinaryUrls handles empty array","invocations":1,"location":null,"numPassingAsserts":2,"retryReasons":[],"startAt":1777996101097,"status":"passed","title":"destroyUnusedCloudinaryUrls handles empty array"},{"ancestorTitles":["cloudinaryReferenceTracker"],"duration":1,"failing":false,"failureDetails":[],"failureMessages":[],"fullName":"cloudinaryReferenceTracker destroyUnusedCloudinaryUrls handles no arguments","invocations":1,"location":null,"numPassingAsserts":2,"retryReasons":[],"startAt":1777996101097,"status":"passed","title":"destroyUnusedCloudinaryUrls handles no arguments"}],"endTime":1777996101117,"message":"  ● cloudinaryReferenceTracker › destroyUnusedCloudinaryUrls deletes urls with zero references\n\n    expect(jest.fn()).toHaveBeenCalledWith(...expected)\n\n    - Expected\n    + Received\n\n    - Array [\n    -   \"http://a.jpg\",\n    -   \"http://b.jpg\",\n    - ]\n    + Array [],\n\n    Number of calls: 1\n\n    \u001b[0m \u001b[90m 64 |\u001b[39m     test(\u001b[32m'destroyUnusedCloudinaryUrls deletes urls with zero references'\u001b[39m\u001b[33m,\u001b[39m \u001b[36masync\u001b[39m () \u001b[33m=>\u001b[39m {\n     \u001b[90m 65 |\u001b[39m         \u001b[36mconst\u001b[39m result \u001b[33m=\u001b[39m \u001b[36mawait\u001b[39m destroyUnusedCloudinaryUrls([\u001b[32m'http://a.jpg'\u001b[39m\u001b[33m,\u001b[39m \u001b[32m'http://b.jpg'\u001b[39m])\u001b[33m;\u001b[39m\n    \u001b[31m\u001b[1m>\u001b[22m\u001b[39m\u001b[90m 66 |\u001b[39m         expect(destroyCloudinaryUrls)\u001b[33m.\u001b[39mtoHaveBeenCalledWith([\u001b[32m'http://a.jpg'\u001b[39m\u001b[33m,\u001b[39m \u001b[32m'http://b.jpg'\u001b[39m])\u001b[33m;\u001b[39m\n     \u001b[90m    |\u001b[39m                                       \u001b[31m\u001b[1m^\u001b[22m\u001b[39m\n     \u001b[90m 67 |\u001b[39m         expect(result)\u001b[33m.\u001b[39mtoEqual([\u001b[32m'http://a.jpg'\u001b[39m\u001b[33m,\u001b[39m \u001b[32m'http://b.jpg'\u001b[39m])\u001b[33m;\u001b[39m\n     \u001b[90m 68 |\u001b[39m     })\u001b[33m;\u001b[39m\n     \u001b[90m 69 |\u001b[39m\u001b[0m\n\n      at Object.toHaveBeenCalledWith (utils/__tests__/cloudinaryReferenceTracker.test.js:66:39)\n\n  ● cloudinaryReferenceTracker › destroyUnusedCloudinaryUrls skips referenced urls\n\n    expect(jest.fn()).toHaveBeenCalledWith(...expected)\n\n    - Expected\n    + Received\n\n    - Array [\n    -   \"http://b.jpg\",\n    - ]\n    + Array [],\n\n    Number of calls: 1\n\n    \u001b[0m \u001b[90m 71 |\u001b[39m         \u001b[33mWasteResource\u001b[39m\u001b[33m.\u001b[39mcountDocuments\u001b[33m.\u001b[39mmockResolvedValue(\u001b[35m1\u001b[39m)\u001b[33m;\u001b[39m\n     \u001b[90m 72 |\u001b[39m         \u001b[36mconst\u001b[39m result \u001b[33m=\u001b[39m \u001b[36mawait\u001b[39m destroyUnusedCloudinaryUrls([\u001b[32m'http://a.jpg'\u001b[39m\u001b[33m,\u001b[39m \u001b[32m'http://b.jpg'\u001b[39m])\u001b[33m;\u001b[39m\n    \u001b[31m\u001b[1m>\u001b[22m\u001b[39m\u001b[90m 73 |\u001b[39m         expect(destroyCloudinaryUrls)\u001b[33m.\u001b[39mtoHaveBeenCalledWith([\u001b[32m'http://b.jpg'\u001b[39m])\u001b[33m;\u001b[39m\n     \u001b[90m    |\u001b[39m                                       \u001b[31m\u001b[1m^\u001b[22m\u001b[39m\n     \u001b[90m 74 |\u001b[39m         expect(result)\u001b[33m.\u001b[39mtoEqual([\u001b[32m'http://b.jpg'\u001b[39m])\u001b[33m;\u001b[39m\n     \u001b[90m 75 |\u001b[39m     })\u001b[33m;\u001b[39m\n     \u001b[90m 76 |\u001b[39m\u001b[0m\n\n      at Object.toHaveBeenCalledWith (utils/__tests__/cloudinaryReferenceTracker.test.js:73:39)\n\n  ● cloudinaryReferenceTracker › destroyUnusedCloudinaryUrls deduplicates urls\n\n    expect(jest.fn()).toHaveBeenCalledWith(...expected)\n\n    - Expected\n    + Received\n\n    - Array [\n    -   \"http://a.jpg\",\n    - ]\n    + Array [],\n\n    Number of calls: 1\n\n    \u001b[0m \u001b[90m 77 |\u001b[39m     test(\u001b[32m'destroyUnusedCloudinaryUrls deduplicates urls'\u001b[39m\u001b[33m,\u001b[39m \u001b[36masync\u001b[39m () \u001b[33m=>\u001b[39m {\n     \u001b[90m 78 |\u001b[39m         \u001b[36mconst\u001b[39m result \u001b[33m=\u001b[39m \u001b[36mawait\u001b[39m destroyUnusedCloudinaryUrls([\u001b[32m'http://a.jpg'\u001b[39m\u001b[33m,\u001b[39m \u001b[32m'http://a.jpg'\u001b[39m])\u001b[33m;\u001b[39m\n    \u001b[31m\u001b[1m>\u001b[22m\u001b[39m\u001b[90m 79 |\u001b[39m         expect(destroyCloudinaryUrls)\u001b[33m.\u001b[39mtoHaveBeenCalledWith([\u001b[32m'http://a.jpg'\u001b[39m])\u001b[33m;\u001b[39m\n     \u001b[90m    |\u001b[39m                                       \u001b[31m\u001b[1m^\u001b[22m\u001b[39m\n     \u001b[90m 80 |\u001b[39m         expect(result)\u001b[33m.\u001b[39mtoEqual([\u001b[32m'http://a.jpg'\u001b[39m])\u001b[33m;\u001b[39m\n     \u001b[90m 81 |\u001b[39m     })\u001b[33m;\u001b[39m\n     \u001b[90m 82 |\u001b[39m\u001b[0m\n\n      at Object.toHaveBeenCalledWith (utils/__tests__/cloudinaryReferenceTracker.test.js:79:39)\n\n  ● cloudinaryReferenceTracker › destroyUnusedCloudinaryUrls filters falsy values\n\n    expect(jest.fn()).toHaveBeenCalledWith(...expected)\n\n    - Expected\n    + Received\n\n    - Array [\n    -   \"http://a.jpg\",\n    - ]\n    + Array [],\n\n    Number of calls: 1\n\n    \u001b[0m \u001b[90m 83 |\u001b[39m     test(\u001b[32m'destroyUnusedCloudinaryUrls filters falsy values'\u001b[39m\u001b[33m,\u001b[39m \u001b[36masync\u001b[39m () \u001b[33m=>\u001b[39m {\n     \u001b[90m 84 |\u001b[39m         \u001b[36mconst\u001b[39m result \u001b[33m=\u001b[39m \u001b[36mawait\u001b[39m destroyUnusedCloudinaryUrls([\u001b[32m'http://a.jpg'\u001b[39m\u001b[33m,\u001b[39m \u001b[36mnull\u001b[39m\u001b[33m,\u001b[39m undefined\u001b[33m,\u001b[39m \u001b[32m''\u001b[39m])\u001b[33m;\u001b[39m\n    \u001b[31m\u001b[1m>\u001b[22m\u001b[39m\u001b[90m 85 |\u001b[39m         expect(destroyCloudinaryUrls)\u001b[33m.\u001b[39mtoHaveBeenCalledWith([\u001b[32m'http://a.jpg'\u001b[39m])\u001b[33m;\u001b[39m\n     \u001b[90m    |\u001b[39m                                       \u001b[31m\u001b[1m^\u001b[22m\u001b[39m\n     \u001b[90m 86 |\u001b[39m         expect(result)\u001b[33m.\u001b[39mtoEqual([\u001b[32m'http://a.jpg'\u001b[39m])\u001b[33m;\u001b[39m\n     \u001b[90m 87 |\u001b[39m     })\u001b[33m;\u001b[39m\n     \u001b[90m 88 |\u001b[39m\u001b[0m\n\n      at Object.toHaveBeenCalledWith (utils/__tests__/cloudinaryReferenceTracker.test.js:85:39)\n","name":"D:\\HEPZA\\Project_Hepza\\ServerSide\\utils\\__tests__\\cloudinaryReferenceTracker.test.js","startTime":1777996100787,"status":"failed","summary":""}],"wasInterrupted":false}
