{"numFailedTestSuites":1,"numFailedTests":1,"numPassedTestSuites":0,"numPassedTests":38,"numPendingTestSuites":0,"numPendingTests":0,"numRuntimeErrorTestSuites":0,"numTodoTests":0,"numTotalTestSuites":1,"numTotalTests":39,"openHandles":[],"snapshot":{"added":0,"didUpdate":false,"failure":false,"filesAdded":0,"filesRemoved":0,"filesRemovedList":[],"filesUnmatched":0,"filesUpdated":0,"matched":0,"total":0,"unchecked":0,"uncheckedKeysByFile":[],"unmatched":0,"updated":0},"startTime":1777996712316,"success":false,"testResults":[{"assertionResults":[{"ancestorTitles":["cloudinary helpers"],"duration":2,"failing":false,"failureDetails":[],"failureMessages":[],"fullName":"cloudinary helpers getBufferHash returns consistent md5 hex","invocations":1,"location":null,"numPassingAsserts":2,"retryReasons":[],"startAt":1777996712731,"status":"passed","title":"getBufferHash returns consistent md5 hex"},{"ancestorTitles":["cloudinary helpers"],"duration":0,"failing":false,"failureDetails":[],"failureMessages":[],"fullName":"cloudinary helpers resolveFileExtension returns empty for non-raw resourceType","invocations":1,"location":null,"numPassingAsserts":1,"retryReasons":[],"startAt":1777996712734,"status":"passed","title":"resolveFileExtension returns empty for non-raw resourceType"},{"ancestorTitles":["cloudinary helpers"],"duration":0,"failing":false,"failureDetails":[],"failureMessages":[],"fullName":"cloudinary helpers resolveFileExtension uses path extname for raw type","invocations":1,"location":null,"numPassingAsserts":1,"retryReasons":[],"startAt":1777996712734,"status":"passed","title":"resolveFileExtension uses path extname for raw type"},{"ancestorTitles":["cloudinary helpers"],"duration":0,"failing":false,"failureDetails":[],"failureMessages":[],"fullName":"cloudinary helpers resolveFileExtension falls back to MIME map for raw type","invocations":1,"location":null,"numPassingAsserts":2,"retryReasons":[],"startAt":1777996712735,"status":"passed","title":"resolveFileExtension falls back to MIME map for raw type"},{"ancestorTitles":["cloudinary helpers"],"duration":1,"failing":false,"failureDetails":[],"failureMessages":[],"fullName":"cloudinary helpers resolveFileExtension returns empty for unknown mime","invocations":1,"location":null,"numPassingAsserts":1,"retryReasons":[],"startAt":1777996712735,"status":"passed","title":"resolveFileExtension returns empty for unknown mime"},{"ancestorTitles":["cloudinary helpers"],"duration":0,"failing":false,"failureDetails":[],"failureMessages":[],"fullName":"cloudinary helpers normalizeLogicalScope normalizes segments","invocations":1,"location":null,"numPassingAsserts":1,"retryReasons":[],"startAt":1777996712736,"status":"passed","title":"normalizeLogicalScope normalizes segments"},{"ancestorTitles":["cloudinary helpers"],"duration":1,"failing":false,"failureDetails":[],"failureMessages":[],"fullName":"cloudinary helpers normalizeLogicalScope returns unspecified for empty input","invocations":1,"location":null,"numPassingAsserts":2,"retryReasons":[],"startAt":1777996712736,"status":"passed","title":"normalizeLogicalScope returns unspecified for empty input"},{"ancestorTitles":["cloudinary helpers"],"duration":1,"failing":false,"failureDetails":[],"failureMessages":[],"fullName":"cloudinary helpers buildBlobPublicId builds correct path","invocations":1,"location":null,"numPassingAsserts":2,"retryReasons":[],"startAt":1777996712737,"status":"passed","title":"buildBlobPublicId builds correct path"},{"ancestorTitles":["cloudinary helpers"],"duration":1,"failing":false,"failureDetails":[],"failureMessages":[],"fullName":"cloudinary helpers resolveResourceType validates known types","invocations":1,"location":null,"numPassingAsserts":4,"retryReasons":[],"startAt":1777996712738,"status":"passed","title":"resolveResourceType validates known types"},{"ancestorTitles":["cloudinary helpers"],"duration":2,"failing":false,"failureDetails":[],"failureMessages":[],"fullName":"cloudinary helpers findRegisteredAsset queries by hash and type","invocations":1,"location":null,"numPassingAsserts":2,"retryReasons":[],"startAt":1777996712739,"status":"passed","title":"findRegisteredAsset queries by hash and type"},{"ancestorTitles":["cloudinary helpers"],"duration":1,"failing":false,"failureDetails":[],"failureMessages":[],"fullName":"cloudinary helpers findRegisteredAsset returns null for empty hash","invocations":1,"location":null,"numPassingAsserts":2,"retryReasons":[],"startAt":1777996712741,"status":"passed","title":"findRegisteredAsset returns null for empty hash"},{"ancestorTitles":["cloudinary helpers"],"duration":0,"failing":false,"failureDetails":[],"failureMessages":[],"fullName":"cloudinary helpers getExistingCloudinaryUrl returns secure url when resource exists","invocations":1,"location":null,"numPassingAsserts":1,"retryReasons":[],"startAt":1777996712742,"status":"passed","title":"getExistingCloudinaryUrl returns secure url when resource exists"},{"ancestorTitles":["cloudinary helpers"],"duration":1,"failing":false,"failureDetails":[],"failureMessages":[],"fullName":"cloudinary helpers getExistingCloudinaryUrl returns null on 404","invocations":1,"location":null,"numPassingAsserts":1,"retryReasons":[],"startAt":1777996712742,"status":"passed","title":"getExistingCloudinaryUrl returns null on 404"},{"ancestorTitles":["cloudinary helpers"],"duration":21,"failing":false,"failureDetails":[],"failureMessages":[],"fullName":"cloudinary helpers getExistingCloudinaryUrl throws on non-404 errors","invocations":1,"location":null,"numPassingAsserts":1,"retryReasons":[],"startAt":1777996712743,"status":"passed","title":"getExistingCloudinaryUrl throws on non-404 errors"},{"ancestorTitles":["cloudinary helpers"],"duration":1,"failing":false,"failureDetails":[],"failureMessages":[],"fullName":"cloudinary helpers upsertRegisteredAsset builds correct update ops","invocations":1,"location":null,"numPassingAsserts":2,"retryReasons":[],"startAt":1777996712765,"status":"passed","title":"upsertRegisteredAsset builds correct update ops"},{"ancestorTitles":["cloudinary helpers"],"duration":1,"failing":false,"failureDetails":[],"failureMessages":[],"fullName":"cloudinary helpers removeRegisteredAsset deletes by publicId","invocations":1,"location":null,"numPassingAsserts":1,"retryReasons":[],"startAt":1777996712766,"status":"passed","title":"removeRegisteredAsset deletes by publicId"},{"ancestorTitles":["cloudinary helpers"],"duration":0,"failing":false,"failureDetails":[],"failureMessages":[],"fullName":"cloudinary helpers removeRegisteredAsset does nothing without publicId","invocations":1,"location":null,"numPassingAsserts":1,"retryReasons":[],"startAt":1777996712767,"status":"passed","title":"removeRegisteredAsset does nothing without publicId"},{"ancestorTitles":["cloudinary helpers"],"duration":1,"failing":false,"failureDetails":[],"failureMessages":[],"fullName":"cloudinary helpers buildUploadOptions includes allowed_formats for images","invocations":1,"location":null,"numPassingAsserts":4,"retryReasons":[],"startAt":1777996712767,"status":"passed","title":"buildUploadOptions includes allowed_formats for images"},{"ancestorTitles":["cloudinary helpers"],"duration":0,"failing":false,"failureDetails":[],"failureMessages":[],"fullName":"cloudinary helpers buildUploadOptions omits allowed_formats for raw","invocations":1,"location":null,"numPassingAsserts":2,"retryReasons":[],"startAt":1777996712768,"status":"passed","title":"buildUploadOptions omits allowed_formats for raw"},{"ancestorTitles":["cloudinary helpers"],"duration":1,"failing":false,"failureDetails":[],"failureMessages":[],"fullName":"cloudinary helpers getFileHash reads file and returns md5","invocations":1,"location":null,"numPassingAsserts":2,"retryReasons":[],"startAt":1777996712768,"status":"passed","title":"getFileHash reads file and returns md5"},{"ancestorTitles":["cloudinary helpers"],"duration":1,"failing":false,"failureDetails":[],"failureMessages":[],"fullName":"cloudinary helpers extractPublicId returns null for empty url","invocations":1,"location":null,"numPassingAsserts":2,"retryReasons":[],"startAt":1777996712769,"status":"passed","title":"extractPublicId returns null for empty url"},{"ancestorTitles":["cloudinary helpers"],"duration":0,"failing":false,"failureDetails":[],"failureMessages":[],"fullName":"cloudinary helpers extractPublicId returns null for invalid url","invocations":1,"location":null,"numPassingAsserts":1,"retryReasons":[],"startAt":1777996712770,"status":"passed","title":"extractPublicId returns null for invalid url"},{"ancestorTitles":["cloudinary helpers"],"duration":0,"failing":false,"failureDetails":[],"failureMessages":[],"fullName":"cloudinary helpers extractPublicId extracts image public id","invocations":1,"location":null,"numPassingAsserts":1,"retryReasons":[],"startAt":1777996712770,"status":"passed","title":"extractPublicId extracts image public id"},{"ancestorTitles":["cloudinary helpers"],"duration":0,"failing":false,"failureDetails":[],"failureMessages":[],"fullName":"cloudinary helpers extractPublicId extracts raw public id keeping extension","invocations":1,"location":null,"numPassingAsserts":1,"retryReasons":[],"startAt":1777996712770,"status":"passed","title":"extractPublicId extracts raw public id keeping extension"},{"ancestorTitles":["cloudinary helpers"],"duration":1,"failing":false,"failureDetails":[],"failureMessages":[],"fullName":"cloudinary helpers extractPublicId handles transformation segments","invocations":1,"location":null,"numPassingAsserts":1,"retryReasons":[],"startAt":1777996712770,"status":"passed","title":"extractPublicId handles transformation segments"},{"ancestorTitles":["cloudinary helpers"],"duration":0,"failing":false,"failureDetails":[],"failureMessages":[],"fullName":"cloudinary helpers extractPublicId handles version segments","invocations":1,"location":null,"numPassingAsserts":1,"retryReasons":[],"startAt":1777996712771,"status":"passed","title":"extractPublicId handles version segments"},{"ancestorTitles":["cloudinary helpers"],"duration":0,"failing":false,"failureDetails":[],"failureMessages":[],"fullName":"cloudinary helpers destroyByUrl does nothing for invalid url","invocations":1,"location":null,"numPassingAsserts":1,"retryReasons":[],"startAt":1777996712771,"status":"passed","title":"destroyByUrl does nothing for invalid url"},{"ancestorTitles":["cloudinary helpers"],"duration":0,"failing":false,"failureDetails":[],"failureMessages":[],"fullName":"cloudinary helpers destroyByUrl destroys extracted public id","invocations":1,"location":null,"numPassingAsserts":2,"retryReasons":[],"startAt":1777996712771,"status":"passed","title":"destroyByUrl destroys extracted public id"},{"ancestorTitles":["cloudinary helpers"],"duration":0,"failing":false,"failureDetails":[{}],"failureMessages":["ReferenceError: logger is not defined\n    at Object.logger (D:\\HEPZA\\Project_Hepza\\ServerSide\\config\\__tests__\\cloudinary.test.js:235:12)\n    at processTicksAndRejections (node:internal/process/task_queues:95:5)"],"fullName":"cloudinary helpers destroyByUrl logs warning on error","invocations":1,"location":null,"numPassingAsserts":0,"retryReasons":[],"startAt":1777996712772,"status":"failed","title":"destroyByUrl logs warning on error"},{"ancestorTitles":["cloudinary helpers","uploadOrReuseAttachment"],"duration":1,"failing":false,"failureDetails":[],"failureMessages":[],"fullName":"cloudinary helpers uploadOrReuseAttachment throws for invalid file path","invocations":1,"location":null,"numPassingAsserts":1,"retryReasons":[],"startAt":1777996712772,"status":"passed","title":"throws for invalid file path"},{"ancestorTitles":["cloudinary helpers","uploadOrReuseAttachment"],"duration":0,"failing":false,"failureDetails":[],"failureMessages":[],"fullName":"cloudinary helpers uploadOrReuseAttachment uploads new file when no registered asset exists","invocations":1,"location":null,"numPassingAsserts":2,"retryReasons":[],"startAt":1777996712773,"status":"passed","title":"uploads new file when no registered asset exists"},{"ancestorTitles":["cloudinary helpers","uploadOrReuseAttachment"],"duration":1,"failing":false,"failureDetails":[],"failureMessages":[],"fullName":"cloudinary helpers uploadOrReuseAttachment reuses registered asset url when cloudinary resource exists","invocations":1,"location":null,"numPassingAsserts":2,"retryReasons":[],"startAt":1777996712773,"status":"passed","title":"reuses registered asset url when cloudinary resource exists"},{"ancestorTitles":["cloudinary helpers","uploadOrReuseAttachment"],"duration":0,"failing":false,"failureDetails":[],"failureMessages":[],"fullName":"cloudinary helpers uploadOrReuseAttachment throws on file size too large","invocations":1,"location":null,"numPassingAsserts":1,"retryReasons":[],"startAt":1777996712774,"status":"passed","title":"throws on file size too large"},{"ancestorTitles":["cloudinary helpers","uploadOrReuseAttachment"],"duration":1,"failing":false,"failureDetails":[],"failureMessages":[],"fullName":"cloudinary helpers uploadOrReuseAttachment throws on pixel error","invocations":1,"location":null,"numPassingAsserts":1,"retryReasons":[],"startAt":1777996712774,"status":"passed","title":"throws on pixel error"},{"ancestorTitles":["cloudinary helpers","uploadOrReuseAttachment"],"duration":0,"failing":false,"failureDetails":[],"failureMessages":[],"fullName":"cloudinary helpers uploadOrReuseAttachment unlinks file in finally","invocations":1,"location":null,"numPassingAsserts":1,"retryReasons":[],"startAt":1777996712775,"status":"passed","title":"unlinks file in finally"},{"ancestorTitles":["cloudinary helpers","uploadDataUriOrReuseAttachment"],"duration":2,"failing":false,"failureDetails":[],"failureMessages":[],"fullName":"cloudinary helpers uploadDataUriOrReuseAttachment throws for invalid data URI","invocations":1,"location":null,"numPassingAsserts":1,"retryReasons":[],"startAt":1777996712775,"status":"passed","title":"throws for invalid data URI"},{"ancestorTitles":["cloudinary helpers","uploadDataUriOrReuseAttachment"],"duration":1,"failing":false,"failureDetails":[],"failureMessages":[],"fullName":"cloudinary helpers uploadDataUriOrReuseAttachment throws for unsupported data URI format","invocations":1,"location":null,"numPassingAsserts":1,"retryReasons":[],"startAt":1777996712777,"status":"passed","title":"throws for unsupported data URI format"},{"ancestorTitles":["cloudinary helpers","uploadDataUriOrReuseAttachment"],"duration":0,"failing":false,"failureDetails":[],"failureMessages":[],"fullName":"cloudinary helpers uploadDataUriOrReuseAttachment uploads base64 data URI","invocations":1,"location":null,"numPassingAsserts":2,"retryReasons":[],"startAt":1777996712778,"status":"passed","title":"uploads base64 data URI"},{"ancestorTitles":["cloudinary helpers","uploadDataUriOrReuseAttachment"],"duration":1,"failing":false,"failureDetails":[],"failureMessages":[],"fullName":"cloudinary helpers uploadDataUriOrReuseAttachment reuses existing asset by hash","invocations":1,"location":null,"numPassingAsserts":1,"retryReasons":[],"startAt":1777996712778,"status":"passed","title":"reuses existing asset by hash"}],"endTime":1777996712793,"message":"  ● cloudinary helpers › destroyByUrl logs warning on error\n\n    ReferenceError: logger is not defined\n\n    \u001b[0m \u001b[90m 233 |\u001b[39m     cloudinary\u001b[33m.\u001b[39muploader\u001b[33m.\u001b[39mdestroy\u001b[33m.\u001b[39mmockRejectedValueOnce(\u001b[36mnew\u001b[39m \u001b[33mError\u001b[39m(\u001b[32m'fail'\u001b[39m))\u001b[33m;\u001b[39m\n     \u001b[90m 234 |\u001b[39m     \u001b[36mawait\u001b[39m destroyByUrl(\u001b[32m'https://res.cloudinary.com/demo/image/upload/v1234/pid1.jpg'\u001b[39m)\u001b[33m;\u001b[39m\n    \u001b[31m\u001b[1m>\u001b[22m\u001b[39m\u001b[90m 235 |\u001b[39m     expect(logger\u001b[33m.\u001b[39mwarn)\u001b[33m.\u001b[39mtoHaveBeenCalled()\u001b[33m;\u001b[39m\n     \u001b[90m     |\u001b[39m            \u001b[31m\u001b[1m^\u001b[22m\u001b[39m\n     \u001b[90m 236 |\u001b[39m   })\u001b[33m;\u001b[39m\n     \u001b[90m 237 |\u001b[39m\n     \u001b[90m 238 |\u001b[39m   describe(\u001b[32m'uploadOrReuseAttachment'\u001b[39m\u001b[33m,\u001b[39m () \u001b[33m=>\u001b[39m {\u001b[0m\n\n      at Object.logger (config/__tests__/cloudinary.test.js:235:12)\n","name":"D:\\HEPZA\\Project_Hepza\\ServerSide\\config\\__tests__\\cloudinary.test.js","startTime":1777996712365,"status":"failed","summary":""}],"wasInterrupted":false}
