{"numFailedTestSuites":0,"numFailedTests":0,"numPassedTestSuites":1,"numPassedTests":31,"numPendingTestSuites":0,"numPendingTests":0,"numRuntimeErrorTestSuites":0,"numTodoTests":0,"numTotalTestSuites":1,"numTotalTests":31,"openHandles":[],"snapshot":{"added":0,"didUpdate":false,"failure":false,"filesAdded":0,"filesRemoved":0,"filesRemovedList":[],"filesUnmatched":0,"filesUpdated":0,"matched":0,"total":0,"unchecked":0,"uncheckedKeysByFile":[],"unmatched":0,"updated":0},"startTime":1777994580532,"success":true,"testResults":[{"assertionResults":[{"ancestorTitles":["resourceAndWasteController","insertDataResourceAndWaste"],"duration":32,"failing":false,"failureDetails":[],"failureMessages":[],"fullName":"resourceAndWasteController insertDataResourceAndWaste inserts successfully","invocations":1,"location":null,"numPassingAsserts":2,"retryReasons":[],"startAt":1777994580724,"status":"passed","title":"inserts successfully"},{"ancestorTitles":["resourceAndWasteController","insertDataResourceAndWaste"],"duration":2,"failing":false,"failureDetails":[],"failureMessages":[],"fullName":"resourceAndWasteController insertDataResourceAndWaste uses periodKey from body","invocations":1,"location":null,"numPassingAsserts":1,"retryReasons":[],"startAt":1777994580756,"status":"passed","title":"uses periodKey from body"},{"ancestorTitles":["resourceAndWasteController","insertDataResourceAndWaste"],"duration":1,"failing":false,"failureDetails":[],"failureMessages":[],"fullName":"resourceAndWasteController insertDataResourceAndWaste returns 409 on month conflict from service result","invocations":1,"location":null,"numPassingAsserts":1,"retryReasons":[],"startAt":1777994580759,"status":"passed","title":"returns 409 on month conflict from service result"},{"ancestorTitles":["resourceAndWasteController","insertDataResourceAndWaste"],"duration":16,"failing":false,"failureDetails":[],"failureMessages":[],"fullName":"resourceAndWasteController insertDataResourceAndWaste returns 409 on month conflict error","invocations":1,"location":null,"numPassingAsserts":1,"retryReasons":[],"startAt":1777994580760,"status":"passed","title":"returns 409 on month conflict error"},{"ancestorTitles":["resourceAndWasteController","insertDataResourceAndWaste"],"duration":14,"failing":false,"failureDetails":[],"failureMessages":[],"fullName":"resourceAndWasteController insertDataResourceAndWaste returns 400 on general error","invocations":1,"location":null,"numPassingAsserts":1,"retryReasons":[],"startAt":1777994580777,"status":"passed","title":"returns 400 on general error"},{"ancestorTitles":["resourceAndWasteController","updateDataResourceAndWaste"],"duration":2,"failing":false,"failureDetails":[],"failureMessages":[],"fullName":"resourceAndWasteController updateDataResourceAndWaste updates successfully","invocations":1,"location":null,"numPassingAsserts":1,"retryReasons":[],"startAt":1777994580791,"status":"passed","title":"updates successfully"},{"ancestorTitles":["resourceAndWasteController","updateDataResourceAndWaste"],"duration":2,"failing":false,"failureDetails":[],"failureMessages":[],"fullName":"resourceAndWasteController updateDataResourceAndWaste returns 400 when service fails","invocations":1,"location":null,"numPassingAsserts":1,"retryReasons":[],"startAt":1777994580793,"status":"passed","title":"returns 400 when service fails"},{"ancestorTitles":["resourceAndWasteController","updateDataResourceAndWaste"],"duration":4,"failing":false,"failureDetails":[],"failureMessages":[],"fullName":"resourceAndWasteController updateDataResourceAndWaste uses error statusCode if present","invocations":1,"location":null,"numPassingAsserts":1,"retryReasons":[],"startAt":1777994580795,"status":"passed","title":"uses error statusCode if present"},{"ancestorTitles":["resourceAndWasteController","getDataResource"],"duration":1,"failing":false,"failureDetails":[],"failureMessages":[],"fullName":"resourceAndWasteController getDataResource returns 400 when missing period keys","invocations":1,"location":null,"numPassingAsserts":1,"retryReasons":[],"startAt":1777994580799,"status":"passed","title":"returns 400 when missing period keys"},{"ancestorTitles":["resourceAndWasteController","getDataResource"],"duration":1,"failing":false,"failureDetails":[],"failureMessages":[],"fullName":"resourceAndWasteController getDataResource fetches data successfully","invocations":1,"location":null,"numPassingAsserts":2,"retryReasons":[],"startAt":1777994580800,"status":"passed","title":"fetches data successfully"},{"ancestorTitles":["resourceAndWasteController","getDataResource"],"duration":1,"failing":false,"failureDetails":[],"failureMessages":[],"fullName":"resourceAndWasteController getDataResource handles include[] array from query","invocations":1,"location":null,"numPassingAsserts":1,"retryReasons":[],"startAt":1777994580801,"status":"passed","title":"handles include[] array from query"},{"ancestorTitles":["resourceAndWasteController","getAllResourceDataWithHistory"],"duration":1,"failing":false,"failureDetails":[],"failureMessages":[],"fullName":"resourceAndWasteController getAllResourceDataWithHistory fetches single period","invocations":1,"location":null,"numPassingAsserts":2,"retryReasons":[],"startAt":1777994580802,"status":"passed","title":"fetches single period"},{"ancestorTitles":["resourceAndWasteController","getAllResourceDataWithHistory"],"duration":0,"failing":false,"failureDetails":[],"failureMessages":[],"fullName":"resourceAndWasteController getAllResourceDataWithHistory fetches multiple periods","invocations":1,"location":null,"numPassingAsserts":2,"retryReasons":[],"startAt":1777994580803,"status":"passed","title":"fetches multiple periods"},{"ancestorTitles":["resourceAndWasteController","getAllResourceDataWithHistory"],"duration":1,"failing":false,"failureDetails":[],"failureMessages":[],"fullName":"resourceAndWasteController getAllResourceDataWithHistory returns 400 when too many period keys","invocations":1,"location":null,"numPassingAsserts":1,"retryReasons":[],"startAt":1777994580803,"status":"passed","title":"returns 400 when too many period keys"},{"ancestorTitles":["resourceAndWasteController","importDataResourceFromExcel"],"duration":1,"failing":false,"failureDetails":[],"failureMessages":[],"fullName":"resourceAndWasteController importDataResourceFromExcel imports successfully","invocations":1,"location":null,"numPassingAsserts":1,"retryReasons":[],"startAt":1777994580804,"status":"passed","title":"imports successfully"},{"ancestorTitles":["resourceAndWasteController","importDataResourceFromExcel"],"duration":0,"failing":false,"failureDetails":[],"failureMessages":[],"fullName":"resourceAndWasteController importDataResourceFromExcel returns 400 when missing periodKey","invocations":1,"location":null,"numPassingAsserts":1,"retryReasons":[],"startAt":1777994580805,"status":"passed","title":"returns 400 when missing periodKey"},{"ancestorTitles":["resourceAndWasteController","importDataResourceFromExcel"],"duration":2,"failing":false,"failureDetails":[],"failureMessages":[],"fullName":"resourceAndWasteController importDataResourceFromExcel returns 400 when no data","invocations":1,"location":null,"numPassingAsserts":1,"retryReasons":[],"startAt":1777994580805,"status":"passed","title":"returns 400 when no data"},{"ancestorTitles":["resourceAndWasteController","importDataResourceFromExcel"],"duration":0,"failing":false,"failureDetails":[],"failureMessages":[],"fullName":"resourceAndWasteController importDataResourceFromExcel returns 400 when import service fails","invocations":1,"location":null,"numPassingAsserts":1,"retryReasons":[],"startAt":1777994580807,"status":"passed","title":"returns 400 when import service fails"},{"ancestorTitles":["resourceAndWasteController","uploadFuelBillImage"],"duration":1,"failing":false,"failureDetails":[],"failureMessages":[],"fullName":"resourceAndWasteController uploadFuelBillImage uploads successfully","invocations":1,"location":null,"numPassingAsserts":2,"retryReasons":[],"startAt":1777994580807,"status":"passed","title":"uploads successfully"},{"ancestorTitles":["resourceAndWasteController","uploadFuelBillImage"],"duration":0,"failing":false,"failureDetails":[],"failureMessages":[],"fullName":"resourceAndWasteController uploadFuelBillImage returns 400 when missing id","invocations":1,"location":null,"numPassingAsserts":1,"retryReasons":[],"startAt":1777994580808,"status":"passed","title":"returns 400 when missing id"},{"ancestorTitles":["resourceAndWasteController","uploadFuelBillImage"],"duration":1,"failing":false,"failureDetails":[],"failureMessages":[],"fullName":"resourceAndWasteController uploadFuelBillImage returns 404 when resource not found","invocations":1,"location":null,"numPassingAsserts":1,"retryReasons":[],"startAt":1777994580808,"status":"passed","title":"returns 404 when resource not found"},{"ancestorTitles":["resourceAndWasteController","uploadFuelBillImage"],"duration":0,"failing":false,"failureDetails":[],"failureMessages":[],"fullName":"resourceAndWasteController uploadFuelBillImage returns 403 for company role with different company","invocations":1,"location":null,"numPassingAsserts":1,"retryReasons":[],"startAt":1777994580809,"status":"passed","title":"returns 403 for company role with different company"},{"ancestorTitles":["resourceAndWasteController","uploadFuelBillImage"],"duration":0,"failing":false,"failureDetails":[],"failureMessages":[],"fullName":"resourceAndWasteController uploadFuelBillImage returns 403 for manager role with different zone","invocations":1,"location":null,"numPassingAsserts":1,"retryReasons":[],"startAt":1777994580809,"status":"passed","title":"returns 403 for manager role with different zone"},{"ancestorTitles":["resourceAndWasteController","uploadFuelBillImage"],"duration":1,"failing":false,"failureDetails":[],"failureMessages":[],"fullName":"resourceAndWasteController uploadFuelBillImage returns 400 for unsupported main_group","invocations":1,"location":null,"numPassingAsserts":1,"retryReasons":[],"startAt":1777994580809,"status":"passed","title":"returns 400 for unsupported main_group"},{"ancestorTitles":["resourceAndWasteController","uploadFuelBillImage"],"duration":0,"failing":false,"failureDetails":[],"failureMessages":[],"fullName":"resourceAndWasteController uploadFuelBillImage returns 400 when no file","invocations":1,"location":null,"numPassingAsserts":1,"retryReasons":[],"startAt":1777994580810,"status":"passed","title":"returns 400 when no file"},{"ancestorTitles":["resourceAndWasteController","uploadFuelBillImage"],"duration":4,"failing":false,"failureDetails":[],"failureMessages":[],"fullName":"resourceAndWasteController uploadFuelBillImage rolls back Cloudinary on save error","invocations":1,"location":null,"numPassingAsserts":2,"retryReasons":[],"startAt":1777994580810,"status":"passed","title":"rolls back Cloudinary on save error"},{"ancestorTitles":["resourceAndWasteController","uploadWasteAttachments"],"duration":0,"failing":false,"failureDetails":[],"failureMessages":[],"fullName":"resourceAndWasteController uploadWasteAttachments uploads successfully","invocations":1,"location":null,"numPassingAsserts":2,"retryReasons":[],"startAt":1777994580814,"status":"passed","title":"uploads successfully"},{"ancestorTitles":["resourceAndWasteController","uploadWasteAttachments"],"duration":1,"failing":false,"failureDetails":[],"failureMessages":[],"fullName":"resourceAndWasteController uploadWasteAttachments returns 404 when resource not found","invocations":1,"location":null,"numPassingAsserts":1,"retryReasons":[],"startAt":1777994580814,"status":"passed","title":"returns 404 when resource not found"},{"ancestorTitles":["resourceAndWasteController","uploadWasteAttachments"],"duration":0,"failing":false,"failureDetails":[],"failureMessages":[],"fullName":"resourceAndWasteController uploadWasteAttachments returns 403 for company with different company_id","invocations":1,"location":null,"numPassingAsserts":1,"retryReasons":[],"startAt":1777994580815,"status":"passed","title":"returns 403 for company with different company_id"},{"ancestorTitles":["resourceAndWasteController","uploadWasteAttachments"],"duration":0,"failing":false,"failureDetails":[],"failureMessages":[],"fullName":"resourceAndWasteController uploadWasteAttachments returns 403 for manager with different zone_id","invocations":1,"location":null,"numPassingAsserts":1,"retryReasons":[],"startAt":1777994580815,"status":"passed","title":"returns 403 for manager with different zone_id"},{"ancestorTitles":["resourceAndWasteController","uploadWasteAttachments"],"duration":4,"failing":false,"failureDetails":[],"failureMessages":[],"fullName":"resourceAndWasteController uploadWasteAttachments rolls back Cloudinary on save error","invocations":1,"location":null,"numPassingAsserts":2,"retryReasons":[],"startAt":1777994580815,"status":"passed","title":"rolls back Cloudinary on save error"}],"endTime":1777994580820,"message":"","name":"D:\\HEPZA\\Project_Hepza\\ServerSide\\controllers\\__tests__\\resourceAndWasteController.test.js","startTime":1777994580576,"status":"passed","summary":""}],"wasInterrupted":false}
