{"numFailedTestSuites":1,"numFailedTests":3,"numPassedTestSuites":0,"numPassedTests":24,"numPendingTestSuites":0,"numPendingTests":0,"numRuntimeErrorTestSuites":0,"numTodoTests":0,"numTotalTestSuites":1,"numTotalTests":27,"openHandles":[],"snapshot":{"added":0,"didUpdate":false,"failure":false,"filesAdded":0,"filesRemoved":0,"filesRemovedList":[],"filesUnmatched":0,"filesUpdated":0,"matched":0,"total":0,"unchecked":0,"uncheckedKeysByFile":[],"unmatched":0,"updated":0},"startTime":1777995823611,"success":false,"testResults":[{"assertionResults":[{"ancestorTitles":["companyModel"],"duration":7,"failing":false,"failureDetails":[],"failureMessages":[],"fullName":"companyModel schema accepts valid company_registration_number 10 digits","invocations":1,"location":null,"numPassingAsserts":1,"retryReasons":[],"startAt":1777995824525,"status":"passed","title":"schema accepts valid company_registration_number 10 digits"},{"ancestorTitles":["companyModel"],"duration":1,"failing":false,"failureDetails":[],"failureMessages":[],"fullName":"companyModel schema accepts valid company_registration_number 13 digits","invocations":1,"location":null,"numPassingAsserts":1,"retryReasons":[],"startAt":1777995824532,"status":"passed","title":"schema accepts valid company_registration_number 13 digits"},{"ancestorTitles":["companyModel"],"duration":1,"failing":false,"failureDetails":[],"failureMessages":[],"fullName":"companyModel schema rejects invalid registration number","invocations":1,"location":null,"numPassingAsserts":1,"retryReasons":[],"startAt":1777995824534,"status":"passed","title":"schema rejects invalid registration number"},{"ancestorTitles":["companyModel"],"duration":1,"failing":false,"failureDetails":[],"failureMessages":[],"fullName":"companyModel schema accepts valid website","invocations":1,"location":null,"numPassingAsserts":1,"retryReasons":[],"startAt":1777995824535,"status":"passed","title":"schema accepts valid website"},{"ancestorTitles":["companyModel"],"duration":1,"failing":false,"failureDetails":[],"failureMessages":[],"fullName":"companyModel schema rejects invalid website","invocations":1,"location":null,"numPassingAsserts":1,"retryReasons":[],"startAt":1777995824537,"status":"passed","title":"schema rejects invalid website"},{"ancestorTitles":["companyModel"],"duration":1,"failing":false,"failureDetails":[],"failureMessages":[],"fullName":"companyModel schema normalizes empty address to undefined","invocations":1,"location":null,"numPassingAsserts":1,"retryReasons":[],"startAt":1777995824538,"status":"passed","title":"schema normalizes empty address to undefined"},{"ancestorTitles":["companyModel"],"duration":1,"failing":false,"failureDetails":[],"failureMessages":[],"fullName":"companyModel schema normalizes null address to undefined","invocations":1,"location":null,"numPassingAsserts":1,"retryReasons":[],"startAt":1777995824539,"status":"passed","title":"schema normalizes null address to undefined"},{"ancestorTitles":["companyModel"],"duration":1,"failing":false,"failureDetails":[],"failureMessages":[],"fullName":"companyModel schema normalizes address with whitespace","invocations":1,"location":null,"numPassingAsserts":1,"retryReasons":[],"startAt":1777995824540,"status":"passed","title":"schema normalizes address with whitespace"},{"ancestorTitles":["companyModel"],"duration":2,"failing":false,"failureDetails":[],"failureMessages":[],"fullName":"companyModel schema rejects founded_year before 1800","invocations":1,"location":null,"numPassingAsserts":1,"retryReasons":[],"startAt":1777995824541,"status":"passed","title":"schema rejects founded_year before 1800"},{"ancestorTitles":["companyModel"],"duration":1,"failing":false,"failureDetails":[],"failureMessages":[],"fullName":"companyModel schema rejects future founded_year","invocations":1,"location":null,"numPassingAsserts":1,"retryReasons":[],"startAt":1777995824543,"status":"passed","title":"schema rejects future founded_year"},{"ancestorTitles":["companyModel"],"duration":1,"failing":false,"failureDetails":[],"failureMessages":[],"fullName":"companyModel schema rejects invalid status enum","invocations":1,"location":null,"numPassingAsserts":1,"retryReasons":[],"startAt":1777995824544,"status":"passed","title":"schema rejects invalid status enum"},{"ancestorTitles":["companyModel"],"duration":2,"failing":false,"failureDetails":[],"failureMessages":[],"fullName":"companyModel schema accepts valid license","invocations":1,"location":null,"numPassingAsserts":1,"retryReasons":[],"startAt":1777995824545,"status":"passed","title":"schema accepts valid license"},{"ancestorTitles":["companyModel"],"duration":4,"failing":false,"failureDetails":[],"failureMessages":[],"fullName":"companyModel schema rejects license expiry before issue date","invocations":1,"location":null,"numPassingAsserts":1,"retryReasons":[],"startAt":1777995824547,"status":"passed","title":"schema rejects license expiry before issue date"},{"ancestorTitles":["companyModel"],"duration":1,"failing":false,"failureDetails":[],"failureMessages":[],"fullName":"companyModel schema rejects negative total_workers","invocations":1,"location":null,"numPassingAsserts":1,"retryReasons":[],"startAt":1777995824551,"status":"passed","title":"schema rejects negative total_workers"},{"ancestorTitles":["companyModel"],"duration":0,"failing":false,"failureDetails":[],"failureMessages":[],"fullName":"companyModel schema rejects invalid revenue_currency","invocations":1,"location":null,"numPassingAsserts":1,"retryReasons":[],"startAt":1777995824553,"status":"passed","title":"schema rejects invalid revenue_currency"},{"ancestorTitles":["companyModel"],"duration":1,"failing":false,"failureDetails":[],"failureMessages":[],"fullName":"companyModel schema has expected paths","invocations":1,"location":null,"numPassingAsserts":3,"retryReasons":[],"startAt":1777995824553,"status":"passed","title":"schema has expected paths"},{"ancestorTitles":["companyModel"],"duration":0,"failing":false,"failureDetails":[],"failureMessages":[],"fullName":"companyModel schema defaults status to active","invocations":1,"location":null,"numPassingAsserts":1,"retryReasons":[],"startAt":1777995824554,"status":"passed","title":"schema defaults status to active"},{"ancestorTitles":["companyModel"],"duration":1,"failing":false,"failureDetails":[],"failureMessages":[],"fullName":"companyModel schema defaults revenue_currency to null enum","invocations":1,"location":null,"numPassingAsserts":1,"retryReasons":[],"startAt":1777995824554,"status":"passed","title":"schema defaults revenue_currency to null enum"},{"ancestorTitles":["companyModel"],"duration":3,"failing":false,"failureDetails":[],"failureMessages":[],"fullName":"companyModel pre-save updates license status to expired","invocations":1,"location":null,"numPassingAsserts":1,"retryReasons":[],"startAt":1777995824555,"status":"passed","title":"pre-save updates license status to expired"},{"ancestorTitles":["companyModel"],"duration":1,"failing":false,"failureDetails":[],"failureMessages":[],"fullName":"companyModel pre-save updates license status to expiring soon","invocations":1,"location":null,"numPassingAsserts":1,"retryReasons":[],"startAt":1777995824558,"status":"passed","title":"pre-save updates license status to expiring soon"},{"ancestorTitles":["companyModel"],"duration":3,"failing":false,"failureDetails":[],"failureMessages":[],"fullName":"companyModel pre-save keeps license status valid when far expiry","invocations":1,"location":null,"numPassingAsserts":1,"retryReasons":[],"startAt":1777995824559,"status":"passed","title":"pre-save keeps license status valid when far expiry"},{"ancestorTitles":["companyModel"],"duration":1,"failing":false,"failureDetails":[{"errors":{"licenses.0.expiry_date":{"properties":{"message":"Ngày hết hạn là bắt buộc","type":"required","path":"expiry_date","value":null},"kind":"required","path":"expiry_date","value":null}},"_message":"Company validation failed"}],"failureMessages":["ValidationError: Company validation failed: licenses.0.expiry_date: Ngày hết hạn là bắt buộc\n    at model.Document.invalidate (D:\\HEPZA\\Project_Hepza\\ServerSide\\node_modules\\mongoose\\lib\\document.js:3381:32)\n    at EmbeddedDocument.Subdocument.invalidate (D:\\HEPZA\\Project_Hepza\\ServerSide\\node_modules\\mongoose\\lib\\types\\subdocument.js:257:12)\n    at D:\\HEPZA\\Project_Hepza\\ServerSide\\node_modules\\mongoose\\lib\\document.js:3142:17\n    at D:\\HEPZA\\Project_Hepza\\ServerSide\\node_modules\\mongoose\\lib\\schemaType.js:1443:9\n    at processTicksAndRejections (node:internal/process/task_queues:77:11)"],"fullName":"companyModel pre-save keeps license status valid when no expiry_date","invocations":1,"location":null,"numPassingAsserts":0,"retryReasons":[],"startAt":1777995824562,"status":"failed","title":"pre-save keeps license status valid when no expiry_date"},{"ancestorTitles":["companyModel"],"duration":1,"failing":false,"failureDetails":[{"errors":{"licenses.0.status":{"properties":{"message":"`Custom` is not a valid enum value for path `status`.","type":"enum","enumValues":["Hiệu lực","Sắp hết hạn","Hết hạn","Đã thu hồi"],"path":"status","value":"Custom","length":6},"kind":"enum","path":"status","value":"Custom"}},"_message":"Company validation failed"}],"failureMessages":["ValidationError: Company validation failed: licenses.0.status: `Custom` is not a valid enum value for path `status`.\n    at model.Document.invalidate (D:\\HEPZA\\Project_Hepza\\ServerSide\\node_modules\\mongoose\\lib\\document.js:3381:32)\n    at EmbeddedDocument.Subdocument.invalidate (D:\\HEPZA\\Project_Hepza\\ServerSide\\node_modules\\mongoose\\lib\\types\\subdocument.js:257:12)\n    at D:\\HEPZA\\Project_Hepza\\ServerSide\\node_modules\\mongoose\\lib\\document.js:3142:17\n    at D:\\HEPZA\\Project_Hepza\\ServerSide\\node_modules\\mongoose\\lib\\schemaType.js:1443:9\n    at processTicksAndRejections (node:internal/process/task_queues:77:11)"],"fullName":"companyModel pre-save does not touch licenses when not modified","invocations":1,"location":null,"numPassingAsserts":0,"retryReasons":[],"startAt":1777995824566,"status":"failed","title":"pre-save does not touch licenses when not modified"},{"ancestorTitles":["companyModel"],"duration":2,"failing":false,"failureDetails":[],"failureMessages":[],"fullName":"companyModel pre-save generates company_id with zone","invocations":1,"location":null,"numPassingAsserts":2,"retryReasons":[],"startAt":1777995824567,"status":"passed","title":"pre-save generates company_id with zone"},{"ancestorTitles":["companyModel"],"duration":0,"failing":false,"failureDetails":[{"errors":{"zone_id":{"properties":{"message":"Path `zone_id` is required.","type":"required","path":"zone_id","value":null},"kind":"required","path":"zone_id","value":null}},"_message":"Company validation failed"}],"failureMessages":["ValidationError: Company validation failed: zone_id: Path `zone_id` is required.\n    at model.Document.invalidate (D:\\HEPZA\\Project_Hepza\\ServerSide\\node_modules\\mongoose\\lib\\document.js:3381:32)\n    at D:\\HEPZA\\Project_Hepza\\ServerSide\\node_modules\\mongoose\\lib\\document.js:3142:17\n    at D:\\HEPZA\\Project_Hepza\\ServerSide\\node_modules\\mongoose\\lib\\schemaType.js:1443:9\n    at processTicksAndRejections (node:internal/process/task_queues:77:11)"],"fullName":"companyModel pre-save generates company_id with UNASSIGNED when no zone_id","invocations":1,"location":null,"numPassingAsserts":0,"retryReasons":[],"startAt":1777995824569,"status":"failed","title":"pre-save generates company_id with UNASSIGNED when no zone_id"},{"ancestorTitles":["companyModel"],"duration":7,"failing":false,"failureDetails":[],"failureMessages":[],"fullName":"companyModel pre-save throws when zone not found","invocations":1,"location":null,"numPassingAsserts":1,"retryReasons":[],"startAt":1777995824570,"status":"passed","title":"pre-save throws when zone not found"},{"ancestorTitles":["companyModel"],"duration":1,"failing":false,"failureDetails":[],"failureMessages":[],"fullName":"companyModel pre-save does not regenerate company_id for existing doc","invocations":1,"location":null,"numPassingAsserts":2,"retryReasons":[],"startAt":1777995824577,"status":"passed","title":"pre-save does not regenerate company_id for existing doc"}],"endTime":1777995824592,"message":"  ● companyModel › pre-save keeps license status valid when no expiry_date\n\n    ValidationError: Company validation failed: licenses.0.expiry_date: Ngày hết hạn là bắt buộc\n\n      at model.Document.invalidate (node_modules/mongoose/lib/document.js:3381:32)\n      at EmbeddedDocument.Subdocument.invalidate (node_modules/mongoose/lib/types/subdocument.js:257:12)\n      at node_modules/mongoose/lib/document.js:3142:17\n      at node_modules/mongoose/lib/schemaType.js:1443:9\n\n  ● companyModel › pre-save does not touch licenses when not modified\n\n    ValidationError: Company validation failed: licenses.0.status: `Custom` is not a valid enum value for path `status`.\n\n      at model.Document.invalidate (node_modules/mongoose/lib/document.js:3381:32)\n      at EmbeddedDocument.Subdocument.invalidate (node_modules/mongoose/lib/types/subdocument.js:257:12)\n      at node_modules/mongoose/lib/document.js:3142:17\n      at node_modules/mongoose/lib/schemaType.js:1443:9\n\n  ● companyModel › pre-save generates company_id with UNASSIGNED when no zone_id\n\n    ValidationError: Company validation failed: zone_id: Path `zone_id` is required.\n\n      at model.Document.invalidate (node_modules/mongoose/lib/document.js:3381:32)\n      at node_modules/mongoose/lib/document.js:3142:17\n      at node_modules/mongoose/lib/schemaType.js:1443:9\n","name":"D:\\HEPZA\\Project_Hepza\\ServerSide\\models\\__tests__\\companyModel.test.js","startTime":1777995823681,"status":"failed","summary":""}],"wasInterrupted":false}
