{"numFailedTestSuites":0,"numFailedTests":0,"numPassedTestSuites":1,"numPassedTests":9,"numPendingTestSuites":0,"numPendingTests":0,"numRuntimeErrorTestSuites":0,"numTodoTests":0,"numTotalTestSuites":1,"numTotalTests":9,"openHandles":[],"snapshot":{"added":0,"didUpdate":false,"failure":false,"filesAdded":0,"filesRemoved":0,"filesRemovedList":[],"filesUnmatched":0,"filesUpdated":0,"matched":0,"total":0,"unchecked":0,"uncheckedKeysByFile":[],"unmatched":0,"updated":0},"startTime":1777996193242,"success":true,"testResults":[{"assertionResults":[{"ancestorTitles":["cloudinaryReferenceTracker"],"duration":4,"failing":false,"failureDetails":[],"failureMessages":[],"fullName":"cloudinaryReferenceTracker countCloudinaryUrlReferences returns 0 for empty url","invocations":1,"location":null,"numPassingAsserts":1,"retryReasons":[],"startAt":1777996193574,"status":"passed","title":"countCloudinaryUrlReferences returns 0 for empty url"},{"ancestorTitles":["cloudinaryReferenceTracker"],"duration":0,"failing":false,"failureDetails":[],"failureMessages":[],"fullName":"cloudinaryReferenceTracker countCloudinaryUrlReferences returns 0 for null url","invocations":1,"location":null,"numPassingAsserts":1,"retryReasons":[],"startAt":1777996193579,"status":"passed","title":"countCloudinaryUrlReferences returns 0 for null url"},{"ancestorTitles":["cloudinaryReferenceTracker"],"duration":2,"failing":false,"failureDetails":[],"failureMessages":[],"fullName":"cloudinaryReferenceTracker countCloudinaryUrlReferences sums all model counts","invocations":1,"location":null,"numPassingAsserts":4,"retryReasons":[],"startAt":1777996193579,"status":"passed","title":"countCloudinaryUrlReferences sums all model counts"},{"ancestorTitles":["cloudinaryReferenceTracker"],"duration":1,"failing":false,"failureDetails":[],"failureMessages":[],"fullName":"cloudinaryReferenceTracker destroyUnusedCloudinaryUrls deletes urls with zero references","invocations":1,"location":null,"numPassingAsserts":2,"retryReasons":[],"startAt":1777996193581,"status":"passed","title":"destroyUnusedCloudinaryUrls deletes urls with zero references"},{"ancestorTitles":["cloudinaryReferenceTracker"],"duration":1,"failing":false,"failureDetails":[],"failureMessages":[],"fullName":"cloudinaryReferenceTracker destroyUnusedCloudinaryUrls skips referenced urls","invocations":1,"location":null,"numPassingAsserts":2,"retryReasons":[],"startAt":1777996193582,"status":"passed","title":"destroyUnusedCloudinaryUrls skips referenced urls"},{"ancestorTitles":["cloudinaryReferenceTracker"],"duration":0,"failing":false,"failureDetails":[],"failureMessages":[],"fullName":"cloudinaryReferenceTracker destroyUnusedCloudinaryUrls deduplicates urls","invocations":1,"location":null,"numPassingAsserts":2,"retryReasons":[],"startAt":1777996193583,"status":"passed","title":"destroyUnusedCloudinaryUrls deduplicates urls"},{"ancestorTitles":["cloudinaryReferenceTracker"],"duration":1,"failing":false,"failureDetails":[],"failureMessages":[],"fullName":"cloudinaryReferenceTracker destroyUnusedCloudinaryUrls filters falsy values","invocations":1,"location":null,"numPassingAsserts":2,"retryReasons":[],"startAt":1777996193584,"status":"passed","title":"destroyUnusedCloudinaryUrls filters falsy values"},{"ancestorTitles":["cloudinaryReferenceTracker"],"duration":1,"failing":false,"failureDetails":[],"failureMessages":[],"fullName":"cloudinaryReferenceTracker destroyUnusedCloudinaryUrls handles empty array","invocations":1,"location":null,"numPassingAsserts":2,"retryReasons":[],"startAt":1777996193585,"status":"passed","title":"destroyUnusedCloudinaryUrls handles empty array"},{"ancestorTitles":["cloudinaryReferenceTracker"],"duration":0,"failing":false,"failureDetails":[],"failureMessages":[],"fullName":"cloudinaryReferenceTracker destroyUnusedCloudinaryUrls handles no arguments","invocations":1,"location":null,"numPassingAsserts":2,"retryReasons":[],"startAt":1777996193586,"status":"passed","title":"destroyUnusedCloudinaryUrls handles no arguments"}],"endTime":1777996193588,"message":"","name":"D:\\HEPZA\\Project_Hepza\\ServerSide\\utils\\__tests__\\cloudinaryReferenceTracker.test.js","startTime":1777996193288,"status":"passed","summary":""}],"wasInterrupted":false}
